-------------------------------------------------------------------------------
Test set: com.devcorp.ops_anime_universe_api.infrastructure.config.ErrorWebConfigurationTest
-------------------------------------------------------------------------------
Tests run: 4, Failures: 0, Errors: 2, Skipped: 0, Time elapsed: 0.345 s <<< FAILURE! -- in com.devcorp.ops_anime_universe_api.infrastructure.config.ErrorWebConfigurationTest
com.devcorp.ops_anime_universe_api.infrastructure.config.ErrorWebConfigurationTest.CustomErrorAttributes deve personalizar erro 404 -- Time elapsed: 0.198 s <<< ERROR!
java.lang.NullPointerException: Cannot invoke "org.springframework.http.server.RequestPath.value()" because the return value of "org.springframework.web.reactive.function.server.ServerRequest.requestPath()" is null
	at org.springframework.boot.web.reactive.error.DefaultErrorAttributes.getErrorAttributes(DefaultErrorAttributes.java:81)
	at org.springframework.boot.web.reactive.error.DefaultErrorAttributes.getErrorAttributes(DefaultErrorAttributes.java:73)
	at com.devcorp.ops_anime_universe_api.infrastructure.config.CustomErrorAttributes.getErrorAttributes(ErrorWebExceptionHandler.kt:44)
	at com.devcorp.ops_anime_universe_api.infrastructure.config.ErrorWebConfigurationTest.CustomErrorAttributes deve personalizar erro 404(ErrorWebConfigurationTest.kt:76)
	at java.base/java.lang.reflect.Method.invoke(Method.java:580)
	at java.base/java.util.ArrayList.forEach(ArrayList.java:1597)
	at java.base/java.util.ArrayList.forEach(ArrayList.java:1597)

com.devcorp.ops_anime_universe_api.infrastructure.config.ErrorWebConfigurationTest.deve criar GlobalErrorWebExceptionHandler corretamente -- Time elapsed: 0.006 s <<< ERROR!
java.lang.IllegalArgumentException: ClassLoader must not be null
	at org.springframework.util.Assert.notNull(Assert.java:181)
	at org.springframework.boot.autoconfigure.template.TemplateAvailabilityProviders.<init>(TemplateAvailabilityProviders.java:83)
	at org.springframework.boot.autoconfigure.template.TemplateAvailabilityProviders.<init>(TemplateAvailabilityProviders.java:75)
	at org.springframework.boot.autoconfigure.web.reactive.error.AbstractErrorWebExceptionHandler.<init>(AbstractErrorWebExceptionHandler.java:94)
	at com.devcorp.ops_anime_universe_api.infrastructure.config.GlobalErrorWebExceptionHandler.<init>(ErrorWebExceptionHandler.kt:66)
	at com.devcorp.ops_anime_universe_api.infrastructure.config.ErrorWebConfigurationTest.deve criar GlobalErrorWebExceptionHandler corretamente(ErrorWebConfigurationTest.kt:95)
	at java.base/java.lang.reflect.Method.invoke(Method.java:580)
	at java.base/java.util.ArrayList.forEach(ArrayList.java:1597)
	at java.base/java.util.ArrayList.forEach(ArrayList.java:1597)

