<?xml version="1.0" encoding="UTF-8"?>
<testsuite xmlns:xsi="http://www.w3.org/2001/XMLSchema-instance" xsi:noNamespaceSchemaLocation="https://maven.apache.org/surefire/maven-surefire-plugin/xsd/surefire-test-report.xsd" version="3.0.2" name="com.devcorp.ops_anime_universe_api.domain.usecase.CharacterUseCaseTest" time="0.088" tests="19" errors="0" skipped="0" failures="0">
  <properties>
[...]
</properties>
  <testcase name="getCharacters should handle empty service list" classname="com.devcorp.ops_anime_universe_api.domain.usecase.CharacterUseCaseTest" time="0.002">
    <system-out><![CDATA[2025-03-30T18:02:37.073-03:00  INFO 27181 --- [test runner#157] c.d.o.domain.usecase.CharacterUseCase    : Buscando personagens: página 0, tamanho 4
2025-03-30T18:02:37.073-03:00  INFO 27181 --- [test runner#157] c.d.o.domain.usecase.CharacterUseCase    : Ambiente de teste detectado - usando serviços mockados
]]></system-out>
  </testcase>
  <testcase name="fetchCharactersFromAllServices should handle timeout on specific service" classname="com.devcorp.ops_anime_universe_api.domain.usecase.CharacterUseCaseTest" time="0.005">
    <system-out><![CDATA[2025-03-30T18:02:37.077-03:00  INFO 27181 --- [test runner#159] c.d.o.domain.usecase.CharacterUseCase    : Buscando personagens: página 0, tamanho 2
2025-03-30T18:02:37.077-03:00  INFO 27181 --- [test runner#159] c.d.o.domain.usecase.CharacterUseCase    : Ambiente de teste detectado - usando serviços mockados
2025-03-30T18:02:37.078-03:00  WARN 27181 --- [ @coroutine#161] c.d.o.domain.usecase.CharacterUseCase    : Erro ao chamar serviço POKEMON: Timeout exception
]]></system-out>
  </testcase>
  <testcase name="getCharacters should handle empty results from services" classname="com.devcorp.ops_anime_universe_api.domain.usecase.CharacterUseCaseTest" time="0.005">
    <system-out><![CDATA[2025-03-30T18:02:37.082-03:00  INFO 27181 --- [test runner#163] c.d.o.domain.usecase.CharacterUseCase    : Buscando personagens: página 0, tamanho 4
2025-03-30T18:02:37.082-03:00  INFO 27181 --- [test runner#163] c.d.o.domain.usecase.CharacterUseCase    : Ambiente de teste detectado - usando serviços mockados
]]></system-out>
  </testcase>
  <testcase name="getCharacters should return characters from all services" classname="com.devcorp.ops_anime_universe_api.domain.usecase.CharacterUseCaseTest" time="0.004">
    <system-out><![CDATA[2025-03-30T18:02:37.087-03:00  INFO 27181 --- [test runner#167] c.d.o.domain.usecase.CharacterUseCase    : Buscando personagens: página 0, tamanho 4
2025-03-30T18:02:37.087-03:00  INFO 27181 --- [test runner#167] c.d.o.domain.usecase.CharacterUseCase    : Ambiente de teste detectado - usando serviços mockados
]]></system-out>
  </testcase>
  <testcase name="fetchCharactersFromAllServices should use createExpandedCharacterList for non-test environment with page greater than 0" classname="com.devcorp.ops_anime_universe_api.domain.usecase.CharacterUseCaseTest" time="0.007">
    <system-out><![CDATA[2025-03-30T18:02:37.090-03:00  INFO 27181 --- [test runner#171] c.d.o.domain.usecase.CharacterUseCase    : Buscando personagens: página 1, tamanho 4
2025-03-30T18:02:37.095-03:00  INFO 27181 --- [atcher-worker-2] c.d.o.domain.usecase.CharacterUseCase    : Resultados obtidos: 4 personagens de Dragon Ball (IDs 5 até 8) e 4 de Pokémon (IDs 5 até 8)
]]></system-out>
  </testcase>
  <testcase name="calculateServicePage should handle serviceSize less than or equal to zero" classname="com.devcorp.ops_anime_universe_api.domain.usecase.CharacterUseCaseTest" time="0.003">
    <system-out><![CDATA[2025-03-30T18:02:37.098-03:00  INFO 27181 --- [test runner#173] c.d.o.domain.usecase.CharacterUseCase    : Buscando personagens: página 0, tamanho 1
2025-03-30T18:02:37.098-03:00  INFO 27181 --- [test runner#173] c.d.o.domain.usecase.CharacterUseCase    : Ambiente de teste detectado - usando serviços mockados
2025-03-30T18:02:37.098-03:00 ERROR 27181 --- [test runner#173] c.d.o.domain.usecase.CharacterUseCase    : Erro ao aguardar resultados dos serviços: Parameter specified as non-null is null: method kotlin.collections.CollectionsKt__MutableCollectionsKt.addAll, parameter elements
]]></system-out>
  </testcase>
  <testcase name="getCharacters should sort results by name" classname="com.devcorp.ops_anime_universe_api.domain.usecase.CharacterUseCaseTest" time="0.004">
    <system-out><![CDATA[2025-03-30T18:02:37.102-03:00  INFO 27181 --- [test runner#176] c.d.o.domain.usecase.CharacterUseCase    : Buscando personagens: página 0, tamanho 4
2025-03-30T18:02:37.102-03:00  INFO 27181 --- [test runner#176] c.d.o.domain.usecase.CharacterUseCase    : Ambiente de teste detectado - usando serviços mockados
]]></system-out>
  </testcase>
  <testcase name="checkServicesAvailability should handle global exception" classname="com.devcorp.ops_anime_universe_api.domain.usecase.CharacterUseCaseTest" time="0.006"/>
  <testcase name="getCharacters should handle errors from services" classname="com.devcorp.ops_anime_universe_api.domain.usecase.CharacterUseCaseTest" time="0.007">
    <system-out><![CDATA[2025-03-30T18:02:37.115-03:00  INFO 27181 --- [test runner#182] c.d.o.domain.usecase.CharacterUseCase    : Buscando personagens: página 0, tamanho 4
2025-03-30T18:02:37.115-03:00  INFO 27181 --- [test runner#182] c.d.o.domain.usecase.CharacterUseCase    : Ambiente de teste detectado - usando serviços mockados
2025-03-30T18:02:37.116-03:00  WARN 27181 --- [ @coroutine#184] c.d.o.domain.usecase.CharacterUseCase    : Erro ao chamar serviço POKEMON: API error
]]></system-out>
  </testcase>
  <testcase name="getCharacters should distribute load evenly between services" classname="com.devcorp.ops_anime_universe_api.domain.usecase.CharacterUseCaseTest" time="0.004">
    <system-out><![CDATA[2025-03-30T18:02:37.120-03:00  INFO 27181 --- [test runner#186] c.d.o.domain.usecase.CharacterUseCase    : Buscando personagens: página 0, tamanho 4
2025-03-30T18:02:37.120-03:00  INFO 27181 --- [test runner#186] c.d.o.domain.usecase.CharacterUseCase    : Ambiente de teste detectado - usando serviços mockados
]]></system-out>
  </testcase>
  <testcase name="checkServicesAvailability should handle errors from services" classname="com.devcorp.ops_anime_universe_api.domain.usecase.CharacterUseCaseTest" time="0.003">
    <system-out><![CDATA[2025-03-30T18:02:37.123-03:00  INFO 27181 --- [test runner#190] c.d.o.domain.usecase.CharacterUseCase    : Verificando disponibilidade dos serviços
2025-03-30T18:02:37.123-03:00 ERROR 27181 --- [ @coroutine#191] c.d.o.domain.usecase.CharacterUseCase    : Erro ao verificar disponibilidade do serviço DRAGON_BALL: API error

java.lang.RuntimeException: API error
	at com.devcorp.ops_anime_universe_api.domain.usecase.CharacterUseCase.checkServiceAvailability(CharacterUseCase.kt:439) ~[classes/:na]
	at com.devcorp.ops_anime_universe_api.domain.usecase.CharacterUseCase.access$checkServiceAvailability(CharacterUseCase.kt:25) ~[classes/:na]
	at com.devcorp.ops_anime_universe_api.domain.usecase.CharacterUseCase$checkServicesAvailability$2$deferredResults$1$1$1.invokeSuspend(CharacterUseCase.kt:421) ~[classes/:na]
	at com.devcorp.ops_anime_universe_api.domain.usecase.CharacterUseCase$checkServicesAvailability$2$deferredResults$1$1$1.invoke(CharacterUseCase.kt) ~[classes/:na]
	at com.devcorp.ops_anime_universe_api.domain.usecase.CharacterUseCase$checkServicesAvailability$2$deferredResults$1$1$1.invoke(CharacterUseCase.kt) ~[classes/:na]
	at kotlinx.coroutines.intrinsics.UndispatchedKt.startUndispatchedOrReturnIgnoreTimeout(Undispatched.kt:72) ~[kotlinx-coroutines-core-jvm-1.8.1.jar:na]
	at kotlinx.coroutines.TimeoutKt.setupTimeout(Timeout.kt:148) ~[kotlinx-coroutines-core-jvm-1.8.1.jar:na]
	at kotlinx.coroutines.TimeoutKt.withTimeoutOrNull(Timeout.kt:104) ~[kotlinx-coroutines-core-jvm-1.8.1.jar:na]
	at com.devcorp.ops_anime_universe_api.domain.usecase.CharacterUseCase$checkServicesAvailability$2$deferredResults$1$1.invokeSuspend(CharacterUseCase.kt:421) ~[classes/:na]
	at kotlin.coroutines.jvm.internal.BaseContinuationImpl.resumeWith(ContinuationImpl.kt:33) ~[kotlin-stdlib-1.9.25.jar:1.9.25-release-852]
	at kotlinx.coroutines.DispatchedTask.run(DispatchedTask.kt:104) ~[kotlinx-coroutines-core-jvm-1.8.1.jar:na]
	at kotlinx.coroutines.internal.LimitedDispatcher$Worker.run(LimitedDispatcher.kt:111) ~[kotlinx-coroutines-core-jvm-1.8.1.jar:na]
	at kotlinx.coroutines.scheduling.TaskImpl.run(Tasks.kt:99) ~[kotlinx-coroutines-core-jvm-1.8.1.jar:na]
	at kotlinx.coroutines.scheduling.CoroutineScheduler.runSafely(CoroutineScheduler.kt:584) ~[kotlinx-coroutines-core-jvm-1.8.1.jar:na]
	at kotlinx.coroutines.scheduling.CoroutineScheduler$Worker.executeTask(CoroutineScheduler.kt:811) ~[kotlinx-coroutines-core-jvm-1.8.1.jar:na]
	at kotlinx.coroutines.scheduling.CoroutineScheduler$Worker.runWorker(CoroutineScheduler.kt:715) ~[kotlinx-coroutines-core-jvm-1.8.1.jar:na]
	at kotlinx.coroutines.scheduling.CoroutineScheduler$Worker.run(CoroutineScheduler.kt:702) ~[kotlinx-coroutines-core-jvm-1.8.1.jar:na]

]]></system-out>
  </testcase>
  <testcase name="checkServicesAvailability should return status for all services" classname="com.devcorp.ops_anime_universe_api.domain.usecase.CharacterUseCaseTest" time="0.004">
    <system-out><![CDATA[2025-03-30T18:02:37.126-03:00  INFO 27181 --- [test runner#194] c.d.o.domain.usecase.CharacterUseCase    : Verificando disponibilidade dos serviços
]]></system-out>
  </testcase>
  <testcase name="fetchCharactersFromAllServices should handle no services available" classname="com.devcorp.ops_anime_universe_api.domain.usecase.CharacterUseCaseTest" time="0.004">
    <system-out><![CDATA[2025-03-30T18:02:37.130-03:00  INFO 27181 --- [test runner#198] c.d.o.domain.usecase.CharacterUseCase    : Buscando personagens: página 0, tamanho 5
2025-03-30T18:02:37.130-03:00  INFO 27181 --- [test runner#198] c.d.o.domain.usecase.CharacterUseCase    : Usando tratamento especial para a primeira página
2025-03-30T18:02:37.130-03:00  INFO 27181 --- [test runner#198] c.d.o.domain.usecase.CharacterUseCase    : Criando lista de personagens para a primeira página com tamanho 5
2025-03-30T18:02:37.130-03:00  INFO 27181 --- [test runner#198] c.d.o.domain.usecase.CharacterUseCase    : Distribuição dinâmica na primeira página: Dragon Ball=3, Pokémon=2
2025-03-30T18:02:37.130-03:00  INFO 27181 --- [test runner#198] c.d.o.domain.usecase.CharacterUseCase    : Total de personagens disponíveis: 25 Dragon Ball, 25 Pokémon
2025-03-30T18:02:37.130-03:00  INFO 27181 --- [test runner#198] c.d.o.domain.usecase.CharacterUseCase    : Selecionados para resposta: 3 Dragon Ball (IDs 1 até 3), 2 Pokémon (IDs 1 até 2)
]]></system-out>
  </testcase>
  <testcase name="getCharacters should handle exception in timeout" classname="com.devcorp.ops_anime_universe_api.domain.usecase.CharacterUseCaseTest" time="0.003">
    <system-out><![CDATA[2025-03-30T18:02:37.134-03:00  INFO 27181 --- [test runner#200] c.d.o.domain.usecase.CharacterUseCase    : Buscando personagens: página 0, tamanho 4
2025-03-30T18:02:37.135-03:00  INFO 27181 --- [test runner#200] c.d.o.domain.usecase.CharacterUseCase    : Ambiente de teste detectado - usando serviços mockados
2025-03-30T18:02:37.135-03:00  WARN 27181 --- [ @coroutine#201] c.d.o.domain.usecase.CharacterUseCase    : Erro ao chamar serviço POKEMON: Timeout exception
]]></system-out>
  </testcase>
  <testcase name="checkServicesAvailability should set DOWN status when service check times out" classname="com.devcorp.ops_anime_universe_api.domain.usecase.CharacterUseCaseTest" time="0.003">
    <system-out><![CDATA[2025-03-30T18:02:37.138-03:00  INFO 27181 --- [test runner#203] c.d.o.domain.usecase.CharacterUseCase    : Verificando disponibilidade dos serviços
2025-03-30T18:02:37.138-03:00 ERROR 27181 --- [ @coroutine#204] c.d.o.domain.usecase.CharacterUseCase    : Erro ao verificar disponibilidade do serviço POKEMON: Timeout ao verificar disponibilidade

java.util.concurrent.TimeoutException: Timeout ao verificar disponibilidade
	at com.devcorp.ops_anime_universe_api.domain.usecase.CharacterUseCaseTest$checkServicesAvailability should set DOWN status when service check times out$1.invokeSuspend$lambda$0(CharacterUseCaseTest.kt:497) ~[test-classes/:na]
	at org.mockito.internal.stubbing.StubbedInvocationMatcher.answer(StubbedInvocationMatcher.java:42) ~[mockito-core-5.14.2.jar:na]
	at org.mockito.internal.handler.MockHandlerImpl.handle(MockHandlerImpl.java:103) ~[mockito-core-5.14.2.jar:na]
	at org.mockito.internal.handler.NullResultGuardian.handle(NullResultGuardian.java:29) ~[mockito-core-5.14.2.jar:na]
	at org.mockito.internal.handler.InvocationNotifierHandler.handle(InvocationNotifierHandler.java:34) ~[mockito-core-5.14.2.jar:na]
	at org.mockito.internal.creation.bytebuddy.MockMethodInterceptor.doIntercept(MockMethodInterceptor.java:82) ~[mockito-core-5.14.2.jar:na]
	at org.mockito.internal.creation.bytebuddy.MockMethodInterceptor.doIntercept(MockMethodInterceptor.java:56) ~[mockito-core-5.14.2.jar:na]
	at org.mockito.internal.creation.bytebuddy.MockMethodInterceptor$DispatcherDefaultingToRealMethod.interceptAbstract(MockMethodInterceptor.java:161) ~[mockito-core-5.14.2.jar:na]
	at com.devcorp.ops_anime_universe_api.domain.port.api.CharacterService$MockitoMock$9yrUpSOK.isAvailable(Unknown Source) ~[classes/:na]
	at com.devcorp.ops_anime_universe_api.domain.usecase.CharacterUseCase.checkServiceAvailability(CharacterUseCase.kt:439) ~[classes/:na]
	at com.devcorp.ops_anime_universe_api.domain.usecase.CharacterUseCase.access$checkServiceAvailability(CharacterUseCase.kt:25) ~[classes/:na]
	at com.devcorp.ops_anime_universe_api.domain.usecase.CharacterUseCase$checkServicesAvailability$2$deferredResults$1$1$1.invokeSuspend(CharacterUseCase.kt:421) ~[classes/:na]
	at com.devcorp.ops_anime_universe_api.domain.usecase.CharacterUseCase$checkServicesAvailability$2$deferredResults$1$1$1.invoke(CharacterUseCase.kt) ~[classes/:na]
	at com.devcorp.ops_anime_universe_api.domain.usecase.CharacterUseCase$checkServicesAvailability$2$deferredResults$1$1$1.invoke(CharacterUseCase.kt) ~[classes/:na]
	at kotlinx.coroutines.intrinsics.UndispatchedKt.startUndispatchedOrReturnIgnoreTimeout(Undispatched.kt:72) ~[kotlinx-coroutines-core-jvm-1.8.1.jar:na]
	at kotlinx.coroutines.TimeoutKt.setupTimeout(Timeout.kt:148) ~[kotlinx-coroutines-core-jvm-1.8.1.jar:na]
	at kotlinx.coroutines.TimeoutKt.withTimeoutOrNull(Timeout.kt:104) ~[kotlinx-coroutines-core-jvm-1.8.1.jar:na]
	at com.devcorp.ops_anime_universe_api.domain.usecase.CharacterUseCase$checkServicesAvailability$2$deferredResults$1$1.invokeSuspend(CharacterUseCase.kt:421) ~[classes/:na]
	at kotlin.coroutines.jvm.internal.BaseContinuationImpl.resumeWith(ContinuationImpl.kt:33) ~[kotlin-stdlib-1.9.25.jar:1.9.25-release-852]
	at kotlinx.coroutines.DispatchedTask.run(DispatchedTask.kt:104) ~[kotlinx-coroutines-core-jvm-1.8.1.jar:na]
	at kotlinx.coroutines.internal.LimitedDispatcher$Worker.run(LimitedDispatcher.kt:111) ~[kotlinx-coroutines-core-jvm-1.8.1.jar:na]
	at kotlinx.coroutines.scheduling.TaskImpl.run(Tasks.kt:99) ~[kotlinx-coroutines-core-jvm-1.8.1.jar:na]
	at kotlinx.coroutines.scheduling.CoroutineScheduler.runSafely(CoroutineScheduler.kt:584) ~[kotlinx-coroutines-core-jvm-1.8.1.jar:na]
	at kotlinx.coroutines.scheduling.CoroutineScheduler$Worker.executeTask(CoroutineScheduler.kt:811) ~[kotlinx-coroutines-core-jvm-1.8.1.jar:na]
	at kotlinx.coroutines.scheduling.CoroutineScheduler$Worker.runWorker(CoroutineScheduler.kt:715) ~[kotlinx-coroutines-core-jvm-1.8.1.jar:na]
	at kotlinx.coroutines.scheduling.CoroutineScheduler$Worker.run(CoroutineScheduler.kt:702) ~[kotlinx-coroutines-core-jvm-1.8.1.jar:na]

]]></system-out>
  </testcase>
  <testcase name="fetchCharactersFromAllServices should handle exception when awaiting results" classname="com.devcorp.ops_anime_universe_api.domain.usecase.CharacterUseCaseTest" time="0.004">
    <system-out><![CDATA[2025-03-30T18:02:37.142-03:00  INFO 27181 --- [test runner#206] c.d.o.domain.usecase.CharacterUseCase    : Buscando personagens: página 0, tamanho 4
2025-03-30T18:02:37.142-03:00  INFO 27181 --- [test runner#206] c.d.o.domain.usecase.CharacterUseCase    : Ambiente de teste detectado - usando serviços mockados
2025-03-30T18:02:37.142-03:00  WARN 27181 --- [ @coroutine#207] c.d.o.domain.usecase.CharacterUseCase    : Erro ao chamar serviço DRAGON_BALL: Exceção ao aguardar
2025-03-30T18:02:37.142-03:00  WARN 27181 --- [ @coroutine#208] c.d.o.domain.usecase.CharacterUseCase    : Erro ao chamar serviço POKEMON: Exceção ao aguardar
]]></system-out>
  </testcase>
  <testcase name="getCharacters should handle global timeout exception" classname="com.devcorp.ops_anime_universe_api.domain.usecase.CharacterUseCaseTest" time="0.006">
    <system-out><![CDATA[2025-03-30T18:02:37.147-03:00  INFO 27181 --- [test runner#210] c.d.o.domain.usecase.CharacterUseCase    : Buscando personagens: página 0, tamanho 4
2025-03-30T18:02:37.147-03:00  INFO 27181 --- [test runner#210] c.d.o.domain.usecase.CharacterUseCase    : Ambiente de teste detectado - usando serviços mockados
2025-03-30T18:02:37.148-03:00 ERROR 27181 --- [test runner#210] c.d.o.domain.usecase.CharacterUseCase    : Erro ao aguardar resultados dos serviços: Parameter specified as non-null is null: method kotlin.collections.CollectionsKt__MutableCollectionsKt.addAll, parameter elements
]]></system-out>
  </testcase>
  <testcase name="getCharacters should handle timeouts from services" classname="com.devcorp.ops_anime_universe_api.domain.usecase.CharacterUseCaseTest" time="0.005">
    <system-out><![CDATA[2025-03-30T18:02:37.153-03:00  INFO 27181 --- [test runner#214] c.d.o.domain.usecase.CharacterUseCase    : Buscando personagens: página 0, tamanho 4
2025-03-30T18:02:37.153-03:00  INFO 27181 --- [test runner#214] c.d.o.domain.usecase.CharacterUseCase    : Ambiente de teste detectado - usando serviços mockados
2025-03-30T18:02:37.153-03:00  WARN 27181 --- [ @coroutine#216] c.d.o.domain.usecase.CharacterUseCase    : Erro ao chamar serviço POKEMON: Simulando timeout
]]></system-out>
  </testcase>
  <testcase name="checkServicesAvailability should handle timeout in service check" classname="com.devcorp.ops_anime_universe_api.domain.usecase.CharacterUseCaseTest" time="0.003">
    <system-out><![CDATA[2025-03-30T18:02:37.157-03:00  INFO 27181 --- [test runner#218] c.d.o.domain.usecase.CharacterUseCase    : Verificando disponibilidade dos serviços
2025-03-30T18:02:37.157-03:00 ERROR 27181 --- [ @coroutine#220] c.d.o.domain.usecase.CharacterUseCase    : Erro ao verificar disponibilidade do serviço POKEMON: Simulando timeout

java.lang.RuntimeException: Simulando timeout
	at com.devcorp.ops_anime_universe_api.domain.usecase.CharacterUseCaseTest$checkServicesAvailability should handle timeout in service check$1.invokeSuspend$lambda$0(CharacterUseCaseTest.kt:300) ~[test-classes/:na]
	at org.mockito.internal.stubbing.StubbedInvocationMatcher.answer(StubbedInvocationMatcher.java:42) ~[mockito-core-5.14.2.jar:na]
	at org.mockito.internal.handler.MockHandlerImpl.handle(MockHandlerImpl.java:103) ~[mockito-core-5.14.2.jar:na]
	at org.mockito.internal.handler.NullResultGuardian.handle(NullResultGuardian.java:29) ~[mockito-core-5.14.2.jar:na]
	at org.mockito.internal.handler.InvocationNotifierHandler.handle(InvocationNotifierHandler.java:34) ~[mockito-core-5.14.2.jar:na]
	at org.mockito.internal.creation.bytebuddy.MockMethodInterceptor.doIntercept(MockMethodInterceptor.java:82) ~[mockito-core-5.14.2.jar:na]
	at org.mockito.internal.creation.bytebuddy.MockMethodInterceptor.doIntercept(MockMethodInterceptor.java:56) ~[mockito-core-5.14.2.jar:na]
	at org.mockito.internal.creation.bytebuddy.MockMethodInterceptor$DispatcherDefaultingToRealMethod.interceptAbstract(MockMethodInterceptor.java:161) ~[mockito-core-5.14.2.jar:na]
	at com.devcorp.ops_anime_universe_api.domain.port.api.CharacterService$MockitoMock$9yrUpSOK.isAvailable(Unknown Source) ~[classes/:na]
	at com.devcorp.ops_anime_universe_api.domain.usecase.CharacterUseCase.checkServiceAvailability(CharacterUseCase.kt:439) ~[classes/:na]
	at com.devcorp.ops_anime_universe_api.domain.usecase.CharacterUseCase.access$checkServiceAvailability(CharacterUseCase.kt:25) ~[classes/:na]
	at com.devcorp.ops_anime_universe_api.domain.usecase.CharacterUseCase$checkServicesAvailability$2$deferredResults$1$1$1.invokeSuspend(CharacterUseCase.kt:421) ~[classes/:na]
	at com.devcorp.ops_anime_universe_api.domain.usecase.CharacterUseCase$checkServicesAvailability$2$deferredResults$1$1$1.invoke(CharacterUseCase.kt) ~[classes/:na]
	at com.devcorp.ops_anime_universe_api.domain.usecase.CharacterUseCase$checkServicesAvailability$2$deferredResults$1$1$1.invoke(CharacterUseCase.kt) ~[classes/:na]
	at kotlinx.coroutines.intrinsics.UndispatchedKt.startUndispatchedOrReturnIgnoreTimeout(Undispatched.kt:72) ~[kotlinx-coroutines-core-jvm-1.8.1.jar:na]
	at kotlinx.coroutines.TimeoutKt.setupTimeout(Timeout.kt:148) ~[kotlinx-coroutines-core-jvm-1.8.1.jar:na]
	at kotlinx.coroutines.TimeoutKt.withTimeoutOrNull(Timeout.kt:104) ~[kotlinx-coroutines-core-jvm-1.8.1.jar:na]
	at com.devcorp.ops_anime_universe_api.domain.usecase.CharacterUseCase$checkServicesAvailability$2$deferredResults$1$1.invokeSuspend(CharacterUseCase.kt:421) ~[classes/:na]
	at kotlin.coroutines.jvm.internal.BaseContinuationImpl.resumeWith(ContinuationImpl.kt:33) ~[kotlin-stdlib-1.9.25.jar:1.9.25-release-852]
	at kotlinx.coroutines.DispatchedTask.run(DispatchedTask.kt:104) ~[kotlinx-coroutines-core-jvm-1.8.1.jar:na]
	at kotlinx.coroutines.internal.LimitedDispatcher$Worker.run(LimitedDispatcher.kt:111) ~[kotlinx-coroutines-core-jvm-1.8.1.jar:na]
	at kotlinx.coroutines.scheduling.TaskImpl.run(Tasks.kt:99) ~[kotlinx-coroutines-core-jvm-1.8.1.jar:na]
	at kotlinx.coroutines.scheduling.CoroutineScheduler.runSafely(CoroutineScheduler.kt:584) ~[kotlinx-coroutines-core-jvm-1.8.1.jar:na]
	at kotlinx.coroutines.scheduling.CoroutineScheduler$Worker.executeTask(CoroutineScheduler.kt:811) ~[kotlinx-coroutines-core-jvm-1.8.1.jar:na]
	at kotlinx.coroutines.scheduling.CoroutineScheduler$Worker.runWorker(CoroutineScheduler.kt:715) ~[kotlinx-coroutines-core-jvm-1.8.1.jar:na]
	at kotlinx.coroutines.scheduling.CoroutineScheduler$Worker.run(CoroutineScheduler.kt:702) ~[kotlinx-coroutines-core-jvm-1.8.1.jar:na]

]]></system-out>
  </testcase>
</testsuite>