<?xml version="1.0" encoding="UTF-8"?>
<testsuite xmlns:xsi="http://www.w3.org/2001/XMLSchema-instance" xsi:noNamespaceSchemaLocation="https://maven.apache.org/surefire/maven-surefire-plugin/xsd/surefire-test-report.xsd" version="3.0.2" name="com.devcorp.ops_anime_universe_api.domain.usecase.CharacterUseCaseEdgeCasesTests" time="0.077" tests="8" errors="0" skipped="0" failures="0">
  <properties>
[...]
</properties>
  <testcase name="getCharacters should handle case where all services return more than requested number of items" classname="com.devcorp.ops_anime_universe_api.domain.usecase.CharacterUseCaseEdgeCasesTests" time="0.038">
    <system-out><![CDATA[2025-03-30T01:05:35.897-03:00  INFO 94561 --- [.test runner#96] c.d.o.domain.usecase.CharacterUseCase    : Buscando personagens: página 0, tamanho 4
2025-03-30T01:05:35.902-03:00  INFO 94561 --- [4 @coroutine#97] c.d.o.domain.usecase.CharacterUseCase    : Buscando personagens do universo DRAGON_BALL - página: 0, tamanho: 2
2025-03-30T01:05:35.902-03:00  INFO 94561 --- [3 @coroutine#98] c.d.o.domain.usecase.CharacterUseCase    : Buscando personagens do universo POKEMON - página: 1, tamanho: 2
2025-03-30T01:05:35.902-03:00  INFO 94561 --- [atcher-worker-4] c.d.o.domain.usecase.CharacterUseCase    : Resultados obtidos de todos os serviços: total de listas 2, com 10 personagens
]]></system-out>
  </testcase>
  <testcase name="getCharacters should handle extremely large page size" classname="com.devcorp.ops_anime_universe_api.domain.usecase.CharacterUseCaseEdgeCasesTests" time="0.004">
    <system-out><![CDATA[2025-03-30T01:05:35.906-03:00  INFO 94561 --- [test runner#100] c.d.o.domain.usecase.CharacterUseCase    : Buscando personagens: página 0, tamanho 50
2025-03-30T01:05:35.907-03:00  INFO 94561 --- [ @coroutine#101] c.d.o.domain.usecase.CharacterUseCase    : Buscando personagens do universo DRAGON_BALL - página: 0, tamanho: 25
2025-03-30T01:05:35.907-03:00  INFO 94561 --- [ @coroutine#102] c.d.o.domain.usecase.CharacterUseCase    : Buscando personagens do universo POKEMON - página: 1, tamanho: 25
2025-03-30T01:05:35.907-03:00  INFO 94561 --- [atcher-worker-4] c.d.o.domain.usecase.CharacterUseCase    : Resultados obtidos de todos os serviços: total de listas 2, com 1 personagens
]]></system-out>
  </testcase>
  <testcase name="getCharacters should handle timeout exception from service" classname="com.devcorp.ops_anime_universe_api.domain.usecase.CharacterUseCaseEdgeCasesTests" time="0.005">
    <system-out><![CDATA[2025-03-30T01:05:35.911-03:00  INFO 94561 --- [test runner#104] c.d.o.domain.usecase.CharacterUseCase    : Buscando personagens: página 0, tamanho 2
2025-03-30T01:05:35.912-03:00  INFO 94561 --- [ @coroutine#106] c.d.o.domain.usecase.CharacterUseCase    : Buscando personagens do universo POKEMON - página: 1, tamanho: 1
2025-03-30T01:05:35.912-03:00  INFO 94561 --- [ @coroutine#105] c.d.o.domain.usecase.CharacterUseCase    : Buscando personagens do universo DRAGON_BALL - página: 0, tamanho: 1
2025-03-30T01:05:35.912-03:00 ERROR 94561 --- [ @coroutine#106] c.d.o.domain.usecase.CharacterUseCase    : Erro ao buscar personagens do universo POKEMON: Simulando exception de timeout

java.lang.RuntimeException: Simulando exception de timeout
	at com.devcorp.ops_anime_universe_api.domain.usecase.CharacterUseCaseEdgeCasesTests$getCharacters should handle timeout exception from service$1.invokeSuspend$lambda$0(CharacterUseCaseEdgeCasesTests.kt:103) ~[test-classes/:na]
	at org.mockito.internal.stubbing.StubbedInvocationMatcher.answer(StubbedInvocationMatcher.java:42) ~[mockito-core-5.14.2.jar:na]
	at org.mockito.internal.handler.MockHandlerImpl.handle(MockHandlerImpl.java:103) ~[mockito-core-5.14.2.jar:na]
	at org.mockito.internal.handler.NullResultGuardian.handle(NullResultGuardian.java:29) ~[mockito-core-5.14.2.jar:na]
	at org.mockito.internal.handler.InvocationNotifierHandler.handle(InvocationNotifierHandler.java:34) ~[mockito-core-5.14.2.jar:na]
	at org.mockito.internal.creation.bytebuddy.MockMethodInterceptor.doIntercept(MockMethodInterceptor.java:82) ~[mockito-core-5.14.2.jar:na]
	at org.mockito.internal.creation.bytebuddy.MockMethodInterceptor.doIntercept(MockMethodInterceptor.java:56) ~[mockito-core-5.14.2.jar:na]
	at org.mockito.internal.creation.bytebuddy.MockMethodInterceptor$DispatcherDefaultingToRealMethod.interceptAbstract(MockMethodInterceptor.java:161) ~[mockito-core-5.14.2.jar:na]
	at com.devcorp.ops_anime_universe_api.domain.port.api.CharacterService$MockitoMock$uS17z5nq.getCharacters(Unknown Source) ~[classes/:na]
	at com.devcorp.ops_anime_universe_api.domain.usecase.CharacterUseCase$fetchCharactersFromAllServices$deferredResults$1$1$1.invokeSuspend(CharacterUseCase.kt:101) ~[classes/:na]
	at com.devcorp.ops_anime_universe_api.domain.usecase.CharacterUseCase$fetchCharactersFromAllServices$deferredResults$1$1$1.invoke(CharacterUseCase.kt) ~[classes/:na]
	at com.devcorp.ops_anime_universe_api.domain.usecase.CharacterUseCase$fetchCharactersFromAllServices$deferredResults$1$1$1.invoke(CharacterUseCase.kt) ~[classes/:na]
	at kotlinx.coroutines.intrinsics.UndispatchedKt.startUndispatchedOrReturnIgnoreTimeout(Undispatched.kt:72) ~[kotlinx-coroutines-core-jvm-1.8.1.jar:na]
	at kotlinx.coroutines.TimeoutKt.setupTimeout(Timeout.kt:148) ~[kotlinx-coroutines-core-jvm-1.8.1.jar:na]
	at kotlinx.coroutines.TimeoutKt.withTimeoutOrNull(Timeout.kt:104) ~[kotlinx-coroutines-core-jvm-1.8.1.jar:na]
	at com.devcorp.ops_anime_universe_api.domain.usecase.CharacterUseCase$fetchCharactersFromAllServices$deferredResults$1$1.invokeSuspend(CharacterUseCase.kt:96) ~[classes/:na]
	at kotlin.coroutines.jvm.internal.BaseContinuationImpl.resumeWith(ContinuationImpl.kt:33) ~[kotlin-stdlib-1.9.25.jar:1.9.25-release-852]
	at kotlinx.coroutines.DispatchedTask.run(DispatchedTask.kt:104) ~[kotlinx-coroutines-core-jvm-1.8.1.jar:na]
	at kotlinx.coroutines.internal.LimitedDispatcher$Worker.run(LimitedDispatcher.kt:111) ~[kotlinx-coroutines-core-jvm-1.8.1.jar:na]
	at kotlinx.coroutines.scheduling.TaskImpl.run(Tasks.kt:99) ~[kotlinx-coroutines-core-jvm-1.8.1.jar:na]
	at kotlinx.coroutines.scheduling.CoroutineScheduler.runSafely(CoroutineScheduler.kt:584) ~[kotlinx-coroutines-core-jvm-1.8.1.jar:na]
	at kotlinx.coroutines.scheduling.CoroutineScheduler$Worker.executeTask(CoroutineScheduler.kt:811) ~[kotlinx-coroutines-core-jvm-1.8.1.jar:na]
	at kotlinx.coroutines.scheduling.CoroutineScheduler$Worker.runWorker(CoroutineScheduler.kt:715) ~[kotlinx-coroutines-core-jvm-1.8.1.jar:na]
	at kotlinx.coroutines.scheduling.CoroutineScheduler$Worker.run(CoroutineScheduler.kt:702) ~[kotlinx-coroutines-core-jvm-1.8.1.jar:na]

2025-03-30T01:05:35.912-03:00  INFO 94561 --- [atcher-worker-4] c.d.o.domain.usecase.CharacterUseCase    : Resultados obtidos de todos os serviços: total de listas 2, com 1 personagens
]]></system-out>
  </testcase>
  <testcase name="getCharacters should not make service calls when page size is corrected to 0" classname="com.devcorp.ops_anime_universe_api.domain.usecase.CharacterUseCaseEdgeCasesTests" time="0.009">
    <system-out><![CDATA[2025-03-30T01:05:35.917-03:00  INFO 94561 --- [test runner#108] c.d.o.domain.usecase.CharacterUseCase    : Buscando personagens: página 0, tamanho 1
2025-03-30T01:05:35.917-03:00  INFO 94561 --- [ @coroutine#110] c.d.o.domain.usecase.CharacterUseCase    : Buscando personagens do universo POKEMON - página: 0, tamanho: 0
2025-03-30T01:05:35.917-03:00  INFO 94561 --- [ @coroutine#109] c.d.o.domain.usecase.CharacterUseCase    : Buscando personagens do universo DRAGON_BALL - página: 0, tamanho: 1
2025-03-30T01:05:35.917-03:00  INFO 94561 --- [atcher-worker-5] c.d.o.domain.usecase.CharacterUseCase    : Resultados obtidos de todos os serviços: total de listas 2, com 0 personagens
]]></system-out>
  </testcase>
  <testcase name="checkServicesAvailability should handle services with same name but different availability" classname="com.devcorp.ops_anime_universe_api.domain.usecase.CharacterUseCaseEdgeCasesTests" time="0.006">
    <system-out><![CDATA[2025-03-30T01:05:35.925-03:00  INFO 94561 --- [test runner#112] c.d.o.domain.usecase.CharacterUseCase    : Verificando disponibilidade dos serviços
]]></system-out>
  </testcase>
  <testcase name="getCharacters should handle invalid negative page size" classname="com.devcorp.ops_anime_universe_api.domain.usecase.CharacterUseCaseEdgeCasesTests" time="0.004">
    <system-out><![CDATA[2025-03-30T01:05:35.932-03:00  INFO 94561 --- [test runner#116] c.d.o.domain.usecase.CharacterUseCase    : Buscando personagens: página 0, tamanho 1
2025-03-30T01:05:35.932-03:00  INFO 94561 --- [ @coroutine#118] c.d.o.domain.usecase.CharacterUseCase    : Buscando personagens do universo POKEMON - página: 0, tamanho: 0
2025-03-30T01:05:35.933-03:00  INFO 94561 --- [ @coroutine#117] c.d.o.domain.usecase.CharacterUseCase    : Buscando personagens do universo DRAGON_BALL - página: 0, tamanho: 1
2025-03-30T01:05:35.933-03:00  INFO 94561 --- [atcher-worker-4] c.d.o.domain.usecase.CharacterUseCase    : Resultados obtidos de todos os serviços: total de listas 2, com 1 personagens
]]></system-out>
  </testcase>
  <testcase name="getCharacters should handle case where all services return exactly requested number of items" classname="com.devcorp.ops_anime_universe_api.domain.usecase.CharacterUseCaseEdgeCasesTests" time="0.005">
    <system-out><![CDATA[2025-03-30T01:05:35.938-03:00  INFO 94561 --- [test runner#120] c.d.o.domain.usecase.CharacterUseCase    : Buscando personagens: página 0, tamanho 4
2025-03-30T01:05:35.938-03:00  INFO 94561 --- [ @coroutine#121] c.d.o.domain.usecase.CharacterUseCase    : Buscando personagens do universo DRAGON_BALL - página: 0, tamanho: 2
2025-03-30T01:05:35.938-03:00  INFO 94561 --- [ @coroutine#122] c.d.o.domain.usecase.CharacterUseCase    : Buscando personagens do universo POKEMON - página: 1, tamanho: 2
2025-03-30T01:05:35.938-03:00  INFO 94561 --- [atcher-worker-4] c.d.o.domain.usecase.CharacterUseCase    : Resultados obtidos de todos os serviços: total de listas 2, com 4 personagens
]]></system-out>
  </testcase>
  <testcase name="getCharacters should handle case where one service returns more items than requested" classname="com.devcorp.ops_anime_universe_api.domain.usecase.CharacterUseCaseEdgeCasesTests" time="0.004">
    <system-out><![CDATA[2025-03-30T01:05:35.942-03:00  INFO 94561 --- [test runner#124] c.d.o.domain.usecase.CharacterUseCase    : Buscando personagens: página 0, tamanho 5
2025-03-30T01:05:35.942-03:00  INFO 94561 --- [ @coroutine#125] c.d.o.domain.usecase.CharacterUseCase    : Buscando personagens do universo DRAGON_BALL - página: 0, tamanho: 3
2025-03-30T01:05:35.942-03:00  INFO 94561 --- [ @coroutine#126] c.d.o.domain.usecase.CharacterUseCase    : Buscando personagens do universo POKEMON - página: 1, tamanho: 2
2025-03-30T01:05:35.942-03:00  INFO 94561 --- [atcher-worker-6] c.d.o.domain.usecase.CharacterUseCase    : Resultados obtidos de todos os serviços: total de listas 2, com 10 personagens
]]></system-out>
  </testcase>
</testsuite>