<?xml version="1.0" encoding="UTF-8"?>
<testsuite xmlns:xsi="http://www.w3.org/2001/XMLSchema-instance" xsi:noNamespaceSchemaLocation="https://maven.apache.org/surefire/maven-surefire-plugin/xsd/surefire-test-report.xsd" version="3.0.2" name="com.devcorp.ops_anime_universe_api.infrastructure.adapter.secondary.api.dragonball.DragonBallApiAdapterTest" time="0.101" tests="8" errors="0" skipped="0" failures="0">
  <properties>
[...]
</properties>
  <testcase name="getCharacters should handle general exception and return empty response" classname="com.devcorp.ops_anime_universe_api.infrastructure.adapter.secondary.api.dragonball.DragonBallApiAdapterTest" time="0.016">
    <system-out><![CDATA[2025-03-30T18:02:36.426-03:00  WARN 27181 --- [.test runner#51] c.d.o.i.a.s.a.d.DragonBallApiAdapter     : CONDIÇÃO NÃO SATISFEITA: Usando fluxo normal para page=1 e limit=10
2025-03-30T18:02:36.427-03:00  INFO 27181 --- [.test runner#51] c.d.o.i.a.s.a.d.DragonBallApiAdapter     : Buscando personagens do Dragon Ball: página 1 (Dragon Ball API página 2), limite 10
2025-03-30T18:02:36.427-03:00 DEBUG 27181 --- [.test runner#51] c.d.o.i.a.s.a.d.DragonBallApiAdapter     : URL Base: http://localhost:60875/, Endpoint: /api/characters?page=2&limit=10
2025-03-30T18:02:36.436-03:00  WARN 27181 --- [ctor-http-nio-2] r.netty.http.client.HttpClientConnect    : [3a97ff2b-1, L:/127.0.0.1:60876 - R:localhost/127.0.0.1:60875] The connection observed an error

java.net.SocketException: Connection reset
	at java.base/sun.nio.ch.SocketChannelImpl.throwConnectionReset(SocketChannelImpl.java:403) ~[na:na]
	at java.base/sun.nio.ch.SocketChannelImpl.implRead(SocketChannelImpl.java:435) ~[na:na]
	at java.base/sun.nio.ch.SocketChannelImpl.read(SocketChannelImpl.java:493) ~[na:na]
	at io.netty.buffer.PooledByteBuf.setBytes(PooledByteBuf.java:255) ~[netty-buffer-4.1.119.Final.jar:4.1.119.Final]
	at io.netty.buffer.AbstractByteBuf.writeBytes(AbstractByteBuf.java:1132) ~[netty-buffer-4.1.119.Final.jar:4.1.119.Final]
	at io.netty.channel.socket.nio.NioSocketChannel.doReadBytes(NioSocketChannel.java:356) ~[netty-transport-4.1.119.Final.jar:4.1.119.Final]
	at io.netty.channel.nio.AbstractNioByteChannel$NioByteUnsafe.read(AbstractNioByteChannel.java:151) ~[netty-transport-4.1.119.Final.jar:4.1.119.Final]
	at io.netty.channel.nio.NioEventLoop.processSelectedKey(NioEventLoop.java:796) ~[netty-transport-4.1.119.Final.jar:4.1.119.Final]
	at io.netty.channel.nio.NioEventLoop.processSelectedKeysOptimized(NioEventLoop.java:732) ~[netty-transport-4.1.119.Final.jar:4.1.119.Final]
	at io.netty.channel.nio.NioEventLoop.processSelectedKeys(NioEventLoop.java:658) ~[netty-transport-4.1.119.Final.jar:4.1.119.Final]
	at io.netty.channel.nio.NioEventLoop.run(NioEventLoop.java:562) ~[netty-transport-4.1.119.Final.jar:4.1.119.Final]
	at io.netty.util.concurrent.SingleThreadEventExecutor$4.run(SingleThreadEventExecutor.java:998) ~[netty-common-4.1.119.Final.jar:4.1.119.Final]
	at io.netty.util.internal.ThreadExecutorMap$2.run(ThreadExecutorMap.java:74) ~[netty-common-4.1.119.Final.jar:4.1.119.Final]
	at io.netty.util.concurrent.FastThreadLocalRunnable.run(FastThreadLocalRunnable.java:30) ~[netty-common-4.1.119.Final.jar:4.1.119.Final]
	at java.base/java.lang.Thread.run(Thread.java:1575) ~[na:na]

2025-03-30T18:02:36.437-03:00 ERROR 27181 --- [atcher-worker-2] c.d.o.i.a.s.a.d.DragonBallApiAdapter     : Erro ao buscar personagens do Dragon Ball: Connection reset

org.springframework.web.reactive.function.client.WebClientRequestException: Connection reset
	at org.springframework.web.reactive.function.client.ExchangeFunctions$DefaultExchangeFunction.lambda$wrapException$9(ExchangeFunctions.java:137) ~[spring-webflux-6.2.5.jar:6.2.5]
	Suppressed: reactor.core.publisher.FluxOnAssembly$OnAssemblyException: 
Error has been observed at the following site(s):
	*__checkpoint ⇢ Request to GET http://localhost:60875/api/characters [DefaultWebClient]
Original Stack Trace:
		at org.springframework.web.reactive.function.client.ExchangeFunctions$DefaultExchangeFunction.lambda$wrapException$9(ExchangeFunctions.java:137) ~[spring-webflux-6.2.5.jar:6.2.5]
		at reactor.core.publisher.MonoErrorSupplied.subscribe(MonoErrorSupplied.java:55) ~[reactor-core-3.7.4.jar:3.7.4]
		at reactor.core.publisher.Mono.subscribe(Mono.java:4576) ~[reactor-core-3.7.4.jar:3.7.4]
		at reactor.core.publisher.FluxOnErrorResume$ResumeSubscriber.onError(FluxOnErrorResume.java:103) ~[reactor-core-3.7.4.jar:3.7.4]
		at reactor.core.publisher.FluxPeek$PeekSubscriber.onError(FluxPeek.java:222) ~[reactor-core-3.7.4.jar:3.7.4]
		at reactor.core.publisher.FluxPeek$PeekSubscriber.onError(FluxPeek.java:222) ~[reactor-core-3.7.4.jar:3.7.4]
		at reactor.core.publisher.FluxPeek$PeekSubscriber.onError(FluxPeek.java:222) ~[reactor-core-3.7.4.jar:3.7.4]
		at reactor.core.publisher.MonoNext$NextSubscriber.onError(MonoNext.java:93) ~[reactor-core-3.7.4.jar:3.7.4]
		at reactor.core.publisher.MonoFlatMapMany$FlatMapManyMain.onError(MonoFlatMapMany.java:205) ~[reactor-core-3.7.4.jar:3.7.4]
		at reactor.core.publisher.SerializedSubscriber.onError(SerializedSubscriber.java:124) ~[reactor-core-3.7.4.jar:3.7.4]
		at reactor.core.publisher.FluxRetryWhen$RetryWhenMainSubscriber.whenError(FluxRetryWhen.java:229) ~[reactor-core-3.7.4.jar:3.7.4]
		at reactor.core.publisher.FluxRetryWhen$RetryWhenOtherSubscriber.onError(FluxRetryWhen.java:279) ~[reactor-core-3.7.4.jar:3.7.4]
		at reactor.core.publisher.FluxContextWrite$ContextWriteSubscriber.onError(FluxContextWrite.java:121) ~[reactor-core-3.7.4.jar:3.7.4]
		at reactor.core.publisher.FluxConcatMapNoPrefetch$FluxConcatMapNoPrefetchSubscriber.maybeOnError(FluxConcatMapNoPrefetch.java:327) ~[reactor-core-3.7.4.jar:3.7.4]
		at reactor.core.publisher.FluxConcatMapNoPrefetch$FluxConcatMapNoPrefetchSubscriber.onNext(FluxConcatMapNoPrefetch.java:212) ~[reactor-core-3.7.4.jar:3.7.4]
		at reactor.core.publisher.FluxContextWrite$ContextWriteSubscriber.onNext(FluxContextWrite.java:107) ~[reactor-core-3.7.4.jar:3.7.4]
		at reactor.core.publisher.SinkManyEmitterProcessor.drain(SinkManyEmitterProcessor.java:476) ~[reactor-core-3.7.4.jar:3.7.4]
		at reactor.core.publisher.SinkManyEmitterProcessor$EmitterInner.drainParent(SinkManyEmitterProcessor.java:620) ~[reactor-core-3.7.4.jar:3.7.4]
		at reactor.core.publisher.FluxPublish$PubSubInner.request(FluxPublish.java:874) ~[reactor-core-3.7.4.jar:3.7.4]
		at reactor.core.publisher.FluxContextWrite$ContextWriteSubscriber.request(FluxContextWrite.java:136) ~[reactor-core-3.7.4.jar:3.7.4]
		at reactor.core.publisher.FluxConcatMapNoPrefetch$FluxConcatMapNoPrefetchSubscriber.request(FluxConcatMapNoPrefetch.java:337) ~[reactor-core-3.7.4.jar:3.7.4]
		at reactor.core.publisher.FluxContextWrite$ContextWriteSubscriber.request(FluxContextWrite.java:136) ~[reactor-core-3.7.4.jar:3.7.4]
		at reactor.core.publisher.Operators$DeferredSubscription.request(Operators.java:1743) ~[reactor-core-3.7.4.jar:3.7.4]
		at reactor.core.publisher.FluxRetryWhen$RetryWhenMainSubscriber.onError(FluxRetryWhen.java:196) ~[reactor-core-3.7.4.jar:3.7.4]
		at reactor.core.publisher.MonoCreate$DefaultMonoSink.error(MonoCreate.java:205) ~[reactor-core-3.7.4.jar:3.7.4]
		at reactor.netty.http.client.HttpClientConnect$HttpObserver.onUncaughtException(HttpClientConnect.java:415) ~[reactor-netty-http-1.2.4.jar:1.2.4]
		at reactor.netty.ReactorNetty$CompositeConnectionObserver.onUncaughtException(ReactorNetty.java:709) ~[reactor-netty-core-1.2.4.jar:1.2.4]
		at reactor.netty.resources.DefaultPooledConnectionProvider$DisposableAcquire.onUncaughtException(DefaultPooledConnectionProvider.java:225) ~[reactor-netty-core-1.2.4.jar:1.2.4]
		at reactor.netty.resources.DefaultPooledConnectionProvider$PooledConnection.onUncaughtException(DefaultPooledConnectionProvider.java:478) ~[reactor-netty-core-1.2.4.jar:1.2.4]
		at reactor.netty.channel.FluxReceive.drainReceiver(FluxReceive.java:245) ~[reactor-netty-core-1.2.4.jar:1.2.4]
		at reactor.netty.channel.FluxReceive.onInboundError(FluxReceive.java:466) ~[reactor-netty-core-1.2.4.jar:1.2.4]
		at reactor.netty.channel.ChannelOperations.onInboundError(ChannelOperations.java:526) ~[reactor-netty-core-1.2.4.jar:1.2.4]
		at reactor.netty.channel.ChannelOperationsHandler.exceptionCaught(ChannelOperationsHandler.java:153) ~[reactor-netty-core-1.2.4.jar:1.2.4]
		at io.netty.channel.AbstractChannelHandlerContext.invokeExceptionCaught(AbstractChannelHandlerContext.java:346) ~[netty-transport-4.1.119.Final.jar:4.1.119.Final]
		at io.netty.channel.AbstractChannelHandlerContext.invokeExceptionCaught(AbstractChannelHandlerContext.java:325) ~[netty-transport-4.1.119.Final.jar:4.1.119.Final]
		at io.netty.channel.AbstractChannelHandlerContext.fireExceptionCaught(AbstractChannelHandlerContext.java:317) ~[netty-transport-4.1.119.Final.jar:4.1.119.Final]
		at io.netty.channel.CombinedChannelDuplexHandler$DelegatingChannelHandlerContext.fireExceptionCaught(CombinedChannelDuplexHandler.java:424) ~[netty-transport-4.1.119.Final.jar:4.1.119.Final]
		at io.netty.channel.ChannelHandlerAdapter.exceptionCaught(ChannelHandlerAdapter.java:92) ~[netty-transport-4.1.119.Final.jar:4.1.119.Final]
		at io.netty.channel.CombinedChannelDuplexHandler$1.fireExceptionCaught(CombinedChannelDuplexHandler.java:145) ~[netty-transport-4.1.119.Final.jar:4.1.119.Final]
		at io.netty.channel.ChannelInboundHandlerAdapter.exceptionCaught(ChannelInboundHandlerAdapter.java:143) ~[netty-transport-4.1.119.Final.jar:4.1.119.Final]
		at io.netty.channel.CombinedChannelDuplexHandler.exceptionCaught(CombinedChannelDuplexHandler.java:231) ~[netty-transport-4.1.119.Final.jar:4.1.119.Final]
		at io.netty.channel.AbstractChannelHandlerContext.invokeExceptionCaught(AbstractChannelHandlerContext.java:346) ~[netty-transport-4.1.119.Final.jar:4.1.119.Final]
		at io.netty.channel.AbstractChannelHandlerContext.invokeExceptionCaught(AbstractChannelHandlerContext.java:325) ~[netty-transport-4.1.119.Final.jar:4.1.119.Final]
		at io.netty.channel.AbstractChannelHandlerContext.fireExceptionCaught(AbstractChannelHandlerContext.java:317) ~[netty-transport-4.1.119.Final.jar:4.1.119.Final]
		at io.netty.channel.DefaultChannelPipeline$HeadContext.exceptionCaught(DefaultChannelPipeline.java:1324) ~[netty-transport-4.1.119.Final.jar:4.1.119.Final]
		at io.netty.channel.AbstractChannelHandlerContext.invokeExceptionCaught(AbstractChannelHandlerContext.java:346) ~[netty-transport-4.1.119.Final.jar:4.1.119.Final]
		at io.netty.channel.AbstractChannelHandlerContext.invokeExceptionCaught(AbstractChannelHandlerContext.java:325) ~[netty-transport-4.1.119.Final.jar:4.1.119.Final]
		at io.netty.channel.DefaultChannelPipeline.fireExceptionCaught(DefaultChannelPipeline.java:856) ~[netty-transport-4.1.119.Final.jar:4.1.119.Final]
		at io.netty.channel.nio.AbstractNioByteChannel$NioByteUnsafe.handleReadException(AbstractNioByteChannel.java:125) ~[netty-transport-4.1.119.Final.jar:4.1.119.Final]
		at io.netty.channel.nio.AbstractNioByteChannel$NioByteUnsafe.read(AbstractNioByteChannel.java:177) ~[netty-transport-4.1.119.Final.jar:4.1.119.Final]
		at io.netty.channel.nio.NioEventLoop.processSelectedKey(NioEventLoop.java:796) ~[netty-transport-4.1.119.Final.jar:4.1.119.Final]
		at io.netty.channel.nio.NioEventLoop.processSelectedKeysOptimized(NioEventLoop.java:732) ~[netty-transport-4.1.119.Final.jar:4.1.119.Final]
		at io.netty.channel.nio.NioEventLoop.processSelectedKeys(NioEventLoop.java:658) ~[netty-transport-4.1.119.Final.jar:4.1.119.Final]
		at io.netty.channel.nio.NioEventLoop.run(NioEventLoop.java:562) ~[netty-transport-4.1.119.Final.jar:4.1.119.Final]
		at io.netty.util.concurrent.SingleThreadEventExecutor$4.run(SingleThreadEventExecutor.java:998) ~[netty-common-4.1.119.Final.jar:4.1.119.Final]
		at io.netty.util.internal.ThreadExecutorMap$2.run(ThreadExecutorMap.java:74) ~[netty-common-4.1.119.Final.jar:4.1.119.Final]
		at io.netty.util.concurrent.FastThreadLocalRunnable.run(FastThreadLocalRunnable.java:30) ~[netty-common-4.1.119.Final.jar:4.1.119.Final]
		at java.base/java.lang.Thread.run(Thread.java:1575) ~[na:na]
Caused by: java.net.SocketException: Connection reset
	at java.base/sun.nio.ch.SocketChannelImpl.throwConnectionReset(SocketChannelImpl.java:403) ~[na:na]
	at java.base/sun.nio.ch.SocketChannelImpl.implRead(SocketChannelImpl.java:435) ~[na:na]
	at java.base/sun.nio.ch.SocketChannelImpl.read(SocketChannelImpl.java:493) ~[na:na]
	at io.netty.buffer.PooledByteBuf.setBytes(PooledByteBuf.java:255) ~[netty-buffer-4.1.119.Final.jar:4.1.119.Final]
	at io.netty.buffer.AbstractByteBuf.writeBytes(AbstractByteBuf.java:1132) ~[netty-buffer-4.1.119.Final.jar:4.1.119.Final]
	at io.netty.channel.socket.nio.NioSocketChannel.doReadBytes(NioSocketChannel.java:356) ~[netty-transport-4.1.119.Final.jar:4.1.119.Final]
	at io.netty.channel.nio.AbstractNioByteChannel$NioByteUnsafe.read(AbstractNioByteChannel.java:151) ~[netty-transport-4.1.119.Final.jar:4.1.119.Final]
	at io.netty.channel.nio.NioEventLoop.processSelectedKey(NioEventLoop.java:796) ~[netty-transport-4.1.119.Final.jar:4.1.119.Final]
	at io.netty.channel.nio.NioEventLoop.processSelectedKeysOptimized(NioEventLoop.java:732) ~[netty-transport-4.1.119.Final.jar:4.1.119.Final]
	at io.netty.channel.nio.NioEventLoop.processSelectedKeys(NioEventLoop.java:658) ~[netty-transport-4.1.119.Final.jar:4.1.119.Final]
	at io.netty.channel.nio.NioEventLoop.run(NioEventLoop.java:562) ~[netty-transport-4.1.119.Final.jar:4.1.119.Final]
	at io.netty.util.concurrent.SingleThreadEventExecutor$4.run(SingleThreadEventExecutor.java:998) ~[netty-common-4.1.119.Final.jar:4.1.119.Final]
	at io.netty.util.internal.ThreadExecutorMap$2.run(ThreadExecutorMap.java:74) ~[netty-common-4.1.119.Final.jar:4.1.119.Final]
	at io.netty.util.concurrent.FastThreadLocalRunnable.run(FastThreadLocalRunnable.java:30) ~[netty-common-4.1.119.Final.jar:4.1.119.Final]
	at java.base/java.lang.Thread.run(Thread.java:1575) ~[na:na]

]]></system-out>
  </testcase>
  <testcase name="isAvailable should return false when API returns error" classname="com.devcorp.ops_anime_universe_api.infrastructure.adapter.secondary.api.dragonball.DragonBallApiAdapterTest" time="0.01">
    <system-out><![CDATA[2025-03-30T18:02:36.441-03:00  INFO 27181 --- [.test runner#53] c.d.o.i.a.s.a.d.DragonBallApiAdapter     : Verificando disponibilidade da API do Dragon Ball
2025-03-30T18:02:36.441-03:00 DEBUG 27181 --- [.test runner#53] c.d.o.i.a.s.a.d.DragonBallApiAdapter     : URL Base: http://localhost:60877/, Endpoint: /api/characters?limit=1
2025-03-30T18:02:36.447-03:00 ERROR 27181 --- [atcher-worker-2] c.d.o.i.a.s.a.d.DragonBallApiAdapter     : Erro ao verificar disponibilidade da API do Dragon Ball: 500 Internal Server Error from GET http://localhost:60877/api/characters

org.springframework.web.reactive.function.client.WebClientResponseException$InternalServerError: 500 Internal Server Error from GET http://localhost:60877/api/characters
	at org.springframework.web.reactive.function.client.WebClientResponseException.create(WebClientResponseException.java:332) ~[spring-webflux-6.2.5.jar:6.2.5]
	Suppressed: reactor.core.publisher.FluxOnAssembly$OnAssemblyException: 
Error has been observed at the following site(s):
	*__checkpoint ⇢ 500 INTERNAL_SERVER_ERROR from GET http://localhost:60877/api/characters [DefaultWebClient]
Original Stack Trace:
		at org.springframework.web.reactive.function.client.WebClientResponseException.create(WebClientResponseException.java:332) ~[spring-webflux-6.2.5.jar:6.2.5]
		at org.springframework.web.reactive.function.client.DefaultClientResponse.lambda$createException$1(DefaultClientResponse.java:214) ~[spring-webflux-6.2.5.jar:6.2.5]
		at reactor.core.publisher.FluxMap$MapSubscriber.onNext(FluxMap.java:106) ~[reactor-core-3.7.4.jar:3.7.4]
		at reactor.core.publisher.FluxOnErrorReturn$ReturnSubscriber.onNext(FluxOnErrorReturn.java:162) ~[reactor-core-3.7.4.jar:3.7.4]
		at reactor.core.publisher.Operators$BaseFluxToMonoOperator.completePossiblyEmpty(Operators.java:2097) ~[reactor-core-3.7.4.jar:3.7.4]
		at reactor.core.publisher.FluxDefaultIfEmpty$DefaultIfEmptySubscriber.onComplete(FluxDefaultIfEmpty.java:134) ~[reactor-core-3.7.4.jar:3.7.4]
		at reactor.core.publisher.FluxMapFuseable$MapFuseableSubscriber.onComplete(FluxMapFuseable.java:152) ~[reactor-core-3.7.4.jar:3.7.4]
		at reactor.core.publisher.FluxContextWrite$ContextWriteSubscriber.onComplete(FluxContextWrite.java:126) ~[reactor-core-3.7.4.jar:3.7.4]
		at reactor.core.publisher.FluxMapFuseable$MapFuseableConditionalSubscriber.onComplete(FluxMapFuseable.java:350) ~[reactor-core-3.7.4.jar:3.7.4]
		at reactor.core.publisher.FluxFilterFuseable$FilterFuseableConditionalSubscriber.onComplete(FluxFilterFuseable.java:391) ~[reactor-core-3.7.4.jar:3.7.4]
		at reactor.core.publisher.Operators$BaseFluxToMonoOperator.completePossiblyEmpty(Operators.java:2098) ~[reactor-core-3.7.4.jar:3.7.4]
		at reactor.core.publisher.MonoCollect$CollectSubscriber.onComplete(MonoCollect.java:145) ~[reactor-core-3.7.4.jar:3.7.4]
		at reactor.core.publisher.FluxMap$MapSubscriber.onComplete(FluxMap.java:144) ~[reactor-core-3.7.4.jar:3.7.4]
		at reactor.core.publisher.FluxPeek$PeekSubscriber.onComplete(FluxPeek.java:260) ~[reactor-core-3.7.4.jar:3.7.4]
		at reactor.core.publisher.FluxMap$MapSubscriber.onComplete(FluxMap.java:144) ~[reactor-core-3.7.4.jar:3.7.4]
		at reactor.netty.channel.FluxReceive.onInboundComplete(FluxReceive.java:413) ~[reactor-netty-core-1.2.4.jar:1.2.4]
		at reactor.netty.channel.ChannelOperations.onInboundComplete(ChannelOperations.java:455) ~[reactor-netty-core-1.2.4.jar:1.2.4]
		at reactor.netty.channel.ChannelOperations.terminate(ChannelOperations.java:509) ~[reactor-netty-core-1.2.4.jar:1.2.4]
		at reactor.netty.http.client.HttpClientOperations.onInboundNext(HttpClientOperations.java:824) ~[reactor-netty-http-1.2.4.jar:1.2.4]
		at reactor.netty.channel.ChannelOperationsHandler.channelRead(ChannelOperationsHandler.java:115) ~[reactor-netty-core-1.2.4.jar:1.2.4]
		at io.netty.channel.AbstractChannelHandlerContext.invokeChannelRead(AbstractChannelHandlerContext.java:444) ~[netty-transport-4.1.119.Final.jar:4.1.119.Final]
		at io.netty.channel.AbstractChannelHandlerContext.invokeChannelRead(AbstractChannelHandlerContext.java:420) ~[netty-transport-4.1.119.Final.jar:4.1.119.Final]
		at io.netty.channel.AbstractChannelHandlerContext.fireChannelRead(AbstractChannelHandlerContext.java:412) ~[netty-transport-4.1.119.Final.jar:4.1.119.Final]
		at io.netty.handler.codec.MessageToMessageDecoder.channelRead(MessageToMessageDecoder.java:107) ~[netty-codec-4.1.119.Final.jar:4.1.119.Final]
		at io.netty.channel.AbstractChannelHandlerContext.invokeChannelRead(AbstractChannelHandlerContext.java:444) ~[netty-transport-4.1.119.Final.jar:4.1.119.Final]
		at io.netty.channel.AbstractChannelHandlerContext.invokeChannelRead(AbstractChannelHandlerContext.java:420) ~[netty-transport-4.1.119.Final.jar:4.1.119.Final]
		at io.netty.channel.AbstractChannelHandlerContext.fireChannelRead(AbstractChannelHandlerContext.java:412) ~[netty-transport-4.1.119.Final.jar:4.1.119.Final]
		at io.netty.channel.CombinedChannelDuplexHandler$DelegatingChannelHandlerContext.fireChannelRead(CombinedChannelDuplexHandler.java:436) ~[netty-transport-4.1.119.Final.jar:4.1.119.Final]
		at io.netty.handler.codec.ByteToMessageDecoder.fireChannelRead(ByteToMessageDecoder.java:346) ~[netty-codec-4.1.119.Final.jar:4.1.119.Final]
		at io.netty.handler.codec.ByteToMessageDecoder.channelRead(ByteToMessageDecoder.java:318) ~[netty-codec-4.1.119.Final.jar:4.1.119.Final]
		at io.netty.channel.CombinedChannelDuplexHandler.channelRead(CombinedChannelDuplexHandler.java:251) ~[netty-transport-4.1.119.Final.jar:4.1.119.Final]
		at io.netty.channel.AbstractChannelHandlerContext.invokeChannelRead(AbstractChannelHandlerContext.java:442) ~[netty-transport-4.1.119.Final.jar:4.1.119.Final]
		at io.netty.channel.AbstractChannelHandlerContext.invokeChannelRead(AbstractChannelHandlerContext.java:420) ~[netty-transport-4.1.119.Final.jar:4.1.119.Final]
		at io.netty.channel.AbstractChannelHandlerContext.fireChannelRead(AbstractChannelHandlerContext.java:412) ~[netty-transport-4.1.119.Final.jar:4.1.119.Final]
		at io.netty.channel.DefaultChannelPipeline$HeadContext.channelRead(DefaultChannelPipeline.java:1357) ~[netty-transport-4.1.119.Final.jar:4.1.119.Final]
		at io.netty.channel.AbstractChannelHandlerContext.invokeChannelRead(AbstractChannelHandlerContext.java:440) ~[netty-transport-4.1.119.Final.jar:4.1.119.Final]
		at io.netty.channel.AbstractChannelHandlerContext.invokeChannelRead(AbstractChannelHandlerContext.java:420) ~[netty-transport-4.1.119.Final.jar:4.1.119.Final]
		at io.netty.channel.DefaultChannelPipeline.fireChannelRead(DefaultChannelPipeline.java:868) ~[netty-transport-4.1.119.Final.jar:4.1.119.Final]
		at io.netty.channel.nio.AbstractNioByteChannel$NioByteUnsafe.read(AbstractNioByteChannel.java:166) ~[netty-transport-4.1.119.Final.jar:4.1.119.Final]
		at io.netty.channel.nio.NioEventLoop.processSelectedKey(NioEventLoop.java:796) ~[netty-transport-4.1.119.Final.jar:4.1.119.Final]
		at io.netty.channel.nio.NioEventLoop.processSelectedKeysOptimized(NioEventLoop.java:732) ~[netty-transport-4.1.119.Final.jar:4.1.119.Final]
		at io.netty.channel.nio.NioEventLoop.processSelectedKeys(NioEventLoop.java:658) ~[netty-transport-4.1.119.Final.jar:4.1.119.Final]
		at io.netty.channel.nio.NioEventLoop.run(NioEventLoop.java:562) ~[netty-transport-4.1.119.Final.jar:4.1.119.Final]
		at io.netty.util.concurrent.SingleThreadEventExecutor$4.run(SingleThreadEventExecutor.java:998) ~[netty-common-4.1.119.Final.jar:4.1.119.Final]
		at io.netty.util.internal.ThreadExecutorMap$2.run(ThreadExecutorMap.java:74) ~[netty-common-4.1.119.Final.jar:4.1.119.Final]
		at io.netty.util.concurrent.FastThreadLocalRunnable.run(FastThreadLocalRunnable.java:30) ~[netty-common-4.1.119.Final.jar:4.1.119.Final]
		at java.base/java.lang.Thread.run(Thread.java:1575) ~[na:na]

]]></system-out>
  </testcase>
  <testcase name="isAvailable should return true when API returns 200" classname="com.devcorp.ops_anime_universe_api.infrastructure.adapter.secondary.api.dragonball.DragonBallApiAdapterTest" time="0.01">
    <system-out><![CDATA[2025-03-30T18:02:36.453-03:00  INFO 27181 --- [.test runner#55] c.d.o.i.a.s.a.d.DragonBallApiAdapter     : Verificando disponibilidade da API do Dragon Ball
2025-03-30T18:02:36.453-03:00 DEBUG 27181 --- [.test runner#55] c.d.o.i.a.s.a.d.DragonBallApiAdapter     : URL Base: http://localhost:60879/, Endpoint: /api/characters?limit=1
2025-03-30T18:02:36.458-03:00  INFO 27181 --- [atcher-worker-2] c.d.o.i.a.s.a.d.DragonBallApiAdapter     : Status code da Dragon Ball API: 200 OK
]]></system-out>
  </testcase>
  <testcase name="getCharacters should handle HTTP error and return empty response" classname="com.devcorp.ops_anime_universe_api.infrastructure.adapter.secondary.api.dragonball.DragonBallApiAdapterTest" time="0.011">
    <system-out><![CDATA[2025-03-30T18:02:36.463-03:00  WARN 27181 --- [.test runner#57] c.d.o.i.a.s.a.d.DragonBallApiAdapter     : CONDIÇÃO NÃO SATISFEITA: Usando fluxo normal para page=1 e limit=10
2025-03-30T18:02:36.463-03:00  INFO 27181 --- [.test runner#57] c.d.o.i.a.s.a.d.DragonBallApiAdapter     : Buscando personagens do Dragon Ball: página 1 (Dragon Ball API página 2), limite 10
2025-03-30T18:02:36.463-03:00 DEBUG 27181 --- [.test runner#57] c.d.o.i.a.s.a.d.DragonBallApiAdapter     : URL Base: http://localhost:60881/, Endpoint: /api/characters?page=2&limit=10
2025-03-30T18:02:36.469-03:00 ERROR 27181 --- [atcher-worker-2] c.d.o.i.a.s.a.d.DragonBallApiAdapter     : Erro HTTP 500 INTERNAL_SERVER_ERROR ao buscar personagens do Dragon Ball: 500 Internal Server Error from GET http://localhost:60881/api/characters

org.springframework.web.reactive.function.client.WebClientResponseException$InternalServerError: 500 Internal Server Error from GET http://localhost:60881/api/characters
	at org.springframework.web.reactive.function.client.WebClientResponseException.create(WebClientResponseException.java:332) ~[spring-webflux-6.2.5.jar:6.2.5]
	Suppressed: reactor.core.publisher.FluxOnAssembly$OnAssemblyException: 
Error has been observed at the following site(s):
	*__checkpoint ⇢ 500 INTERNAL_SERVER_ERROR from GET http://localhost:60881/api/characters [DefaultWebClient]
Original Stack Trace:
		at org.springframework.web.reactive.function.client.WebClientResponseException.create(WebClientResponseException.java:332) ~[spring-webflux-6.2.5.jar:6.2.5]
		at org.springframework.web.reactive.function.client.DefaultClientResponse.lambda$createException$1(DefaultClientResponse.java:214) ~[spring-webflux-6.2.5.jar:6.2.5]
		at reactor.core.publisher.FluxMap$MapSubscriber.onNext(FluxMap.java:106) ~[reactor-core-3.7.4.jar:3.7.4]
		at reactor.core.publisher.FluxOnErrorReturn$ReturnSubscriber.onNext(FluxOnErrorReturn.java:162) ~[reactor-core-3.7.4.jar:3.7.4]
		at reactor.core.publisher.Operators$BaseFluxToMonoOperator.completePossiblyEmpty(Operators.java:2097) ~[reactor-core-3.7.4.jar:3.7.4]
		at reactor.core.publisher.FluxDefaultIfEmpty$DefaultIfEmptySubscriber.onComplete(FluxDefaultIfEmpty.java:134) ~[reactor-core-3.7.4.jar:3.7.4]
		at reactor.core.publisher.FluxMapFuseable$MapFuseableSubscriber.onComplete(FluxMapFuseable.java:152) ~[reactor-core-3.7.4.jar:3.7.4]
		at reactor.core.publisher.FluxContextWrite$ContextWriteSubscriber.onComplete(FluxContextWrite.java:126) ~[reactor-core-3.7.4.jar:3.7.4]
		at reactor.core.publisher.FluxMapFuseable$MapFuseableConditionalSubscriber.onComplete(FluxMapFuseable.java:350) ~[reactor-core-3.7.4.jar:3.7.4]
		at reactor.core.publisher.FluxFilterFuseable$FilterFuseableConditionalSubscriber.onComplete(FluxFilterFuseable.java:391) ~[reactor-core-3.7.4.jar:3.7.4]
		at reactor.core.publisher.Operators$BaseFluxToMonoOperator.completePossiblyEmpty(Operators.java:2098) ~[reactor-core-3.7.4.jar:3.7.4]
		at reactor.core.publisher.MonoCollect$CollectSubscriber.onComplete(MonoCollect.java:145) ~[reactor-core-3.7.4.jar:3.7.4]
		at reactor.core.publisher.FluxMap$MapSubscriber.onComplete(FluxMap.java:144) ~[reactor-core-3.7.4.jar:3.7.4]
		at reactor.core.publisher.FluxPeek$PeekSubscriber.onComplete(FluxPeek.java:260) ~[reactor-core-3.7.4.jar:3.7.4]
		at reactor.core.publisher.FluxMap$MapSubscriber.onComplete(FluxMap.java:144) ~[reactor-core-3.7.4.jar:3.7.4]
		at reactor.netty.channel.FluxReceive.onInboundComplete(FluxReceive.java:413) ~[reactor-netty-core-1.2.4.jar:1.2.4]
		at reactor.netty.channel.ChannelOperations.onInboundComplete(ChannelOperations.java:455) ~[reactor-netty-core-1.2.4.jar:1.2.4]
		at reactor.netty.channel.ChannelOperations.terminate(ChannelOperations.java:509) ~[reactor-netty-core-1.2.4.jar:1.2.4]
		at reactor.netty.http.client.HttpClientOperations.onInboundNext(HttpClientOperations.java:824) ~[reactor-netty-http-1.2.4.jar:1.2.4]
		at reactor.netty.channel.ChannelOperationsHandler.channelRead(ChannelOperationsHandler.java:115) ~[reactor-netty-core-1.2.4.jar:1.2.4]
		at io.netty.channel.AbstractChannelHandlerContext.invokeChannelRead(AbstractChannelHandlerContext.java:444) ~[netty-transport-4.1.119.Final.jar:4.1.119.Final]
		at io.netty.channel.AbstractChannelHandlerContext.invokeChannelRead(AbstractChannelHandlerContext.java:420) ~[netty-transport-4.1.119.Final.jar:4.1.119.Final]
		at io.netty.channel.AbstractChannelHandlerContext.fireChannelRead(AbstractChannelHandlerContext.java:412) ~[netty-transport-4.1.119.Final.jar:4.1.119.Final]
		at io.netty.handler.codec.MessageToMessageDecoder.channelRead(MessageToMessageDecoder.java:107) ~[netty-codec-4.1.119.Final.jar:4.1.119.Final]
		at io.netty.channel.AbstractChannelHandlerContext.invokeChannelRead(AbstractChannelHandlerContext.java:444) ~[netty-transport-4.1.119.Final.jar:4.1.119.Final]
		at io.netty.channel.AbstractChannelHandlerContext.invokeChannelRead(AbstractChannelHandlerContext.java:420) ~[netty-transport-4.1.119.Final.jar:4.1.119.Final]
		at io.netty.channel.AbstractChannelHandlerContext.fireChannelRead(AbstractChannelHandlerContext.java:412) ~[netty-transport-4.1.119.Final.jar:4.1.119.Final]
		at io.netty.channel.CombinedChannelDuplexHandler$DelegatingChannelHandlerContext.fireChannelRead(CombinedChannelDuplexHandler.java:436) ~[netty-transport-4.1.119.Final.jar:4.1.119.Final]
		at io.netty.handler.codec.ByteToMessageDecoder.fireChannelRead(ByteToMessageDecoder.java:346) ~[netty-codec-4.1.119.Final.jar:4.1.119.Final]
		at io.netty.handler.codec.ByteToMessageDecoder.channelRead(ByteToMessageDecoder.java:318) ~[netty-codec-4.1.119.Final.jar:4.1.119.Final]
		at io.netty.channel.CombinedChannelDuplexHandler.channelRead(CombinedChannelDuplexHandler.java:251) ~[netty-transport-4.1.119.Final.jar:4.1.119.Final]
		at io.netty.channel.AbstractChannelHandlerContext.invokeChannelRead(AbstractChannelHandlerContext.java:442) ~[netty-transport-4.1.119.Final.jar:4.1.119.Final]
		at io.netty.channel.AbstractChannelHandlerContext.invokeChannelRead(AbstractChannelHandlerContext.java:420) ~[netty-transport-4.1.119.Final.jar:4.1.119.Final]
		at io.netty.channel.AbstractChannelHandlerContext.fireChannelRead(AbstractChannelHandlerContext.java:412) ~[netty-transport-4.1.119.Final.jar:4.1.119.Final]
		at io.netty.channel.DefaultChannelPipeline$HeadContext.channelRead(DefaultChannelPipeline.java:1357) ~[netty-transport-4.1.119.Final.jar:4.1.119.Final]
		at io.netty.channel.AbstractChannelHandlerContext.invokeChannelRead(AbstractChannelHandlerContext.java:440) ~[netty-transport-4.1.119.Final.jar:4.1.119.Final]
		at io.netty.channel.AbstractChannelHandlerContext.invokeChannelRead(AbstractChannelHandlerContext.java:420) ~[netty-transport-4.1.119.Final.jar:4.1.119.Final]
		at io.netty.channel.DefaultChannelPipeline.fireChannelRead(DefaultChannelPipeline.java:868) ~[netty-transport-4.1.119.Final.jar:4.1.119.Final]
		at io.netty.channel.nio.AbstractNioByteChannel$NioByteUnsafe.read(AbstractNioByteChannel.java:166) ~[netty-transport-4.1.119.Final.jar:4.1.119.Final]
		at io.netty.channel.nio.NioEventLoop.processSelectedKey(NioEventLoop.java:796) ~[netty-transport-4.1.119.Final.jar:4.1.119.Final]
		at io.netty.channel.nio.NioEventLoop.processSelectedKeysOptimized(NioEventLoop.java:732) ~[netty-transport-4.1.119.Final.jar:4.1.119.Final]
		at io.netty.channel.nio.NioEventLoop.processSelectedKeys(NioEventLoop.java:658) ~[netty-transport-4.1.119.Final.jar:4.1.119.Final]
		at io.netty.channel.nio.NioEventLoop.run(NioEventLoop.java:562) ~[netty-transport-4.1.119.Final.jar:4.1.119.Final]
		at io.netty.util.concurrent.SingleThreadEventExecutor$4.run(SingleThreadEventExecutor.java:998) ~[netty-common-4.1.119.Final.jar:4.1.119.Final]
		at io.netty.util.internal.ThreadExecutorMap$2.run(ThreadExecutorMap.java:74) ~[netty-common-4.1.119.Final.jar:4.1.119.Final]
		at io.netty.util.concurrent.FastThreadLocalRunnable.run(FastThreadLocalRunnable.java:30) ~[netty-common-4.1.119.Final.jar:4.1.119.Final]
		at java.base/java.lang.Thread.run(Thread.java:1575) ~[na:na]

]]></system-out>
  </testcase>
  <testcase name="getCharacters should return special first characters for page 0 and size 10" classname="com.devcorp.ops_anime_universe_api.infrastructure.adapter.secondary.api.dragonball.DragonBallApiAdapterTest" time="0.004">
    <system-out><![CDATA[2025-03-30T18:02:36.475-03:00  WARN 27181 --- [.test runner#59] c.d.o.i.a.s.a.d.DragonBallApiAdapter     : CONDIÇÃO SATISFEITA: Chamando getFirstFiveCharacters para page=0 e limit=10
2025-03-30T18:02:36.475-03:00  INFO 27181 --- [.test runner#59] c.d.o.i.a.s.a.d.DragonBallApiAdapter     : Retornando os 5 primeiros personagens do Dragon Ball (IDs 1-5)
]]></system-out>
  </testcase>
  <testcase name="isAvailable should handle network exceptions" classname="com.devcorp.ops_anime_universe_api.infrastructure.adapter.secondary.api.dragonball.DragonBallApiAdapterTest" time="0.009">
    <system-out><![CDATA[2025-03-30T18:02:36.480-03:00  INFO 27181 --- [.test runner#61] c.d.o.i.a.s.a.d.DragonBallApiAdapter     : Verificando disponibilidade da API do Dragon Ball
2025-03-30T18:02:36.480-03:00 DEBUG 27181 --- [.test runner#61] c.d.o.i.a.s.a.d.DragonBallApiAdapter     : URL Base: http://localhost:60884/, Endpoint: /api/characters?limit=1
2025-03-30T18:02:36.482-03:00  WARN 27181 --- [ctor-http-nio-6] r.netty.http.client.HttpClientConnect    : [8de16a97-1, L:/127.0.0.1:60885 - R:localhost/127.0.0.1:60884] The connection observed an error

java.net.SocketException: Connection reset
	at java.base/sun.nio.ch.SocketChannelImpl.throwConnectionReset(SocketChannelImpl.java:403) ~[na:na]
	at java.base/sun.nio.ch.SocketChannelImpl.implRead(SocketChannelImpl.java:435) ~[na:na]
	at java.base/sun.nio.ch.SocketChannelImpl.read(SocketChannelImpl.java:493) ~[na:na]
	at io.netty.buffer.PooledByteBuf.setBytes(PooledByteBuf.java:255) ~[netty-buffer-4.1.119.Final.jar:4.1.119.Final]
	at io.netty.buffer.AbstractByteBuf.writeBytes(AbstractByteBuf.java:1132) ~[netty-buffer-4.1.119.Final.jar:4.1.119.Final]
	at io.netty.channel.socket.nio.NioSocketChannel.doReadBytes(NioSocketChannel.java:356) ~[netty-transport-4.1.119.Final.jar:4.1.119.Final]
	at io.netty.channel.nio.AbstractNioByteChannel$NioByteUnsafe.read(AbstractNioByteChannel.java:151) ~[netty-transport-4.1.119.Final.jar:4.1.119.Final]
	at io.netty.channel.nio.NioEventLoop.processSelectedKey(NioEventLoop.java:796) ~[netty-transport-4.1.119.Final.jar:4.1.119.Final]
	at io.netty.channel.nio.NioEventLoop.processSelectedKeysOptimized(NioEventLoop.java:732) ~[netty-transport-4.1.119.Final.jar:4.1.119.Final]
	at io.netty.channel.nio.NioEventLoop.processSelectedKeys(NioEventLoop.java:658) ~[netty-transport-4.1.119.Final.jar:4.1.119.Final]
	at io.netty.channel.nio.NioEventLoop.run(NioEventLoop.java:562) ~[netty-transport-4.1.119.Final.jar:4.1.119.Final]
	at io.netty.util.concurrent.SingleThreadEventExecutor$4.run(SingleThreadEventExecutor.java:998) ~[netty-common-4.1.119.Final.jar:4.1.119.Final]
	at io.netty.util.internal.ThreadExecutorMap$2.run(ThreadExecutorMap.java:74) ~[netty-common-4.1.119.Final.jar:4.1.119.Final]
	at io.netty.util.concurrent.FastThreadLocalRunnable.run(FastThreadLocalRunnable.java:30) ~[netty-common-4.1.119.Final.jar:4.1.119.Final]
	at java.base/java.lang.Thread.run(Thread.java:1575) ~[na:na]

2025-03-30T18:02:36.483-03:00 ERROR 27181 --- [atcher-worker-2] c.d.o.i.a.s.a.d.DragonBallApiAdapter     : Erro ao verificar disponibilidade da API do Dragon Ball: Connection reset

org.springframework.web.reactive.function.client.WebClientRequestException: Connection reset
	at org.springframework.web.reactive.function.client.ExchangeFunctions$DefaultExchangeFunction.lambda$wrapException$9(ExchangeFunctions.java:137) ~[spring-webflux-6.2.5.jar:6.2.5]
	Suppressed: reactor.core.publisher.FluxOnAssembly$OnAssemblyException: 
Error has been observed at the following site(s):
	*__checkpoint ⇢ Request to GET http://localhost:60884/api/characters [DefaultWebClient]
Original Stack Trace:
		at org.springframework.web.reactive.function.client.ExchangeFunctions$DefaultExchangeFunction.lambda$wrapException$9(ExchangeFunctions.java:137) ~[spring-webflux-6.2.5.jar:6.2.5]
		at reactor.core.publisher.MonoErrorSupplied.subscribe(MonoErrorSupplied.java:55) ~[reactor-core-3.7.4.jar:3.7.4]
		at reactor.core.publisher.Mono.subscribe(Mono.java:4576) ~[reactor-core-3.7.4.jar:3.7.4]
		at reactor.core.publisher.FluxOnErrorResume$ResumeSubscriber.onError(FluxOnErrorResume.java:103) ~[reactor-core-3.7.4.jar:3.7.4]
		at reactor.core.publisher.FluxPeek$PeekSubscriber.onError(FluxPeek.java:222) ~[reactor-core-3.7.4.jar:3.7.4]
		at reactor.core.publisher.FluxPeek$PeekSubscriber.onError(FluxPeek.java:222) ~[reactor-core-3.7.4.jar:3.7.4]
		at reactor.core.publisher.FluxPeek$PeekSubscriber.onError(FluxPeek.java:222) ~[reactor-core-3.7.4.jar:3.7.4]
		at reactor.core.publisher.MonoNext$NextSubscriber.onError(MonoNext.java:93) ~[reactor-core-3.7.4.jar:3.7.4]
		at reactor.core.publisher.MonoFlatMapMany$FlatMapManyMain.onError(MonoFlatMapMany.java:205) ~[reactor-core-3.7.4.jar:3.7.4]
		at reactor.core.publisher.SerializedSubscriber.onError(SerializedSubscriber.java:124) ~[reactor-core-3.7.4.jar:3.7.4]
		at reactor.core.publisher.FluxRetryWhen$RetryWhenMainSubscriber.whenError(FluxRetryWhen.java:229) ~[reactor-core-3.7.4.jar:3.7.4]
		at reactor.core.publisher.FluxRetryWhen$RetryWhenOtherSubscriber.onError(FluxRetryWhen.java:279) ~[reactor-core-3.7.4.jar:3.7.4]
		at reactor.core.publisher.FluxContextWrite$ContextWriteSubscriber.onError(FluxContextWrite.java:121) ~[reactor-core-3.7.4.jar:3.7.4]
		at reactor.core.publisher.FluxConcatMapNoPrefetch$FluxConcatMapNoPrefetchSubscriber.maybeOnError(FluxConcatMapNoPrefetch.java:327) ~[reactor-core-3.7.4.jar:3.7.4]
		at reactor.core.publisher.FluxConcatMapNoPrefetch$FluxConcatMapNoPrefetchSubscriber.onNext(FluxConcatMapNoPrefetch.java:212) ~[reactor-core-3.7.4.jar:3.7.4]
		at reactor.core.publisher.FluxContextWrite$ContextWriteSubscriber.onNext(FluxContextWrite.java:107) ~[reactor-core-3.7.4.jar:3.7.4]
		at reactor.core.publisher.SinkManyEmitterProcessor.drain(SinkManyEmitterProcessor.java:476) ~[reactor-core-3.7.4.jar:3.7.4]
		at reactor.core.publisher.SinkManyEmitterProcessor$EmitterInner.drainParent(SinkManyEmitterProcessor.java:620) ~[reactor-core-3.7.4.jar:3.7.4]
		at reactor.core.publisher.FluxPublish$PubSubInner.request(FluxPublish.java:874) ~[reactor-core-3.7.4.jar:3.7.4]
		at reactor.core.publisher.FluxContextWrite$ContextWriteSubscriber.request(FluxContextWrite.java:136) ~[reactor-core-3.7.4.jar:3.7.4]
		at reactor.core.publisher.FluxConcatMapNoPrefetch$FluxConcatMapNoPrefetchSubscriber.request(FluxConcatMapNoPrefetch.java:337) ~[reactor-core-3.7.4.jar:3.7.4]
		at reactor.core.publisher.FluxContextWrite$ContextWriteSubscriber.request(FluxContextWrite.java:136) ~[reactor-core-3.7.4.jar:3.7.4]
		at reactor.core.publisher.Operators$DeferredSubscription.request(Operators.java:1743) ~[reactor-core-3.7.4.jar:3.7.4]
		at reactor.core.publisher.FluxRetryWhen$RetryWhenMainSubscriber.onError(FluxRetryWhen.java:196) ~[reactor-core-3.7.4.jar:3.7.4]
		at reactor.core.publisher.MonoCreate$DefaultMonoSink.error(MonoCreate.java:205) ~[reactor-core-3.7.4.jar:3.7.4]
		at reactor.netty.http.client.HttpClientConnect$HttpObserver.onUncaughtException(HttpClientConnect.java:415) ~[reactor-netty-http-1.2.4.jar:1.2.4]
		at reactor.netty.ReactorNetty$CompositeConnectionObserver.onUncaughtException(ReactorNetty.java:709) ~[reactor-netty-core-1.2.4.jar:1.2.4]
		at reactor.netty.resources.DefaultPooledConnectionProvider$DisposableAcquire.onUncaughtException(DefaultPooledConnectionProvider.java:225) ~[reactor-netty-core-1.2.4.jar:1.2.4]
		at reactor.netty.resources.DefaultPooledConnectionProvider$PooledConnection.onUncaughtException(DefaultPooledConnectionProvider.java:478) ~[reactor-netty-core-1.2.4.jar:1.2.4]
		at reactor.netty.channel.FluxReceive.drainReceiver(FluxReceive.java:245) ~[reactor-netty-core-1.2.4.jar:1.2.4]
		at reactor.netty.channel.FluxReceive.onInboundError(FluxReceive.java:466) ~[reactor-netty-core-1.2.4.jar:1.2.4]
		at reactor.netty.channel.ChannelOperations.onInboundError(ChannelOperations.java:526) ~[reactor-netty-core-1.2.4.jar:1.2.4]
		at reactor.netty.channel.ChannelOperationsHandler.exceptionCaught(ChannelOperationsHandler.java:153) ~[reactor-netty-core-1.2.4.jar:1.2.4]
		at io.netty.channel.AbstractChannelHandlerContext.invokeExceptionCaught(AbstractChannelHandlerContext.java:346) ~[netty-transport-4.1.119.Final.jar:4.1.119.Final]
		at io.netty.channel.AbstractChannelHandlerContext.invokeExceptionCaught(AbstractChannelHandlerContext.java:325) ~[netty-transport-4.1.119.Final.jar:4.1.119.Final]
		at io.netty.channel.AbstractChannelHandlerContext.fireExceptionCaught(AbstractChannelHandlerContext.java:317) ~[netty-transport-4.1.119.Final.jar:4.1.119.Final]
		at io.netty.channel.CombinedChannelDuplexHandler$DelegatingChannelHandlerContext.fireExceptionCaught(CombinedChannelDuplexHandler.java:424) ~[netty-transport-4.1.119.Final.jar:4.1.119.Final]
		at io.netty.channel.ChannelHandlerAdapter.exceptionCaught(ChannelHandlerAdapter.java:92) ~[netty-transport-4.1.119.Final.jar:4.1.119.Final]
		at io.netty.channel.CombinedChannelDuplexHandler$1.fireExceptionCaught(CombinedChannelDuplexHandler.java:145) ~[netty-transport-4.1.119.Final.jar:4.1.119.Final]
		at io.netty.channel.ChannelInboundHandlerAdapter.exceptionCaught(ChannelInboundHandlerAdapter.java:143) ~[netty-transport-4.1.119.Final.jar:4.1.119.Final]
		at io.netty.channel.CombinedChannelDuplexHandler.exceptionCaught(CombinedChannelDuplexHandler.java:231) ~[netty-transport-4.1.119.Final.jar:4.1.119.Final]
		at io.netty.channel.AbstractChannelHandlerContext.invokeExceptionCaught(AbstractChannelHandlerContext.java:346) ~[netty-transport-4.1.119.Final.jar:4.1.119.Final]
		at io.netty.channel.AbstractChannelHandlerContext.invokeExceptionCaught(AbstractChannelHandlerContext.java:325) ~[netty-transport-4.1.119.Final.jar:4.1.119.Final]
		at io.netty.channel.AbstractChannelHandlerContext.fireExceptionCaught(AbstractChannelHandlerContext.java:317) ~[netty-transport-4.1.119.Final.jar:4.1.119.Final]
		at io.netty.channel.DefaultChannelPipeline$HeadContext.exceptionCaught(DefaultChannelPipeline.java:1324) ~[netty-transport-4.1.119.Final.jar:4.1.119.Final]
		at io.netty.channel.AbstractChannelHandlerContext.invokeExceptionCaught(AbstractChannelHandlerContext.java:346) ~[netty-transport-4.1.119.Final.jar:4.1.119.Final]
		at io.netty.channel.AbstractChannelHandlerContext.invokeExceptionCaught(AbstractChannelHandlerContext.java:325) ~[netty-transport-4.1.119.Final.jar:4.1.119.Final]
		at io.netty.channel.DefaultChannelPipeline.fireExceptionCaught(DefaultChannelPipeline.java:856) ~[netty-transport-4.1.119.Final.jar:4.1.119.Final]
		at io.netty.channel.nio.AbstractNioByteChannel$NioByteUnsafe.handleReadException(AbstractNioByteChannel.java:125) ~[netty-transport-4.1.119.Final.jar:4.1.119.Final]
		at io.netty.channel.nio.AbstractNioByteChannel$NioByteUnsafe.read(AbstractNioByteChannel.java:177) ~[netty-transport-4.1.119.Final.jar:4.1.119.Final]
		at io.netty.channel.nio.NioEventLoop.processSelectedKey(NioEventLoop.java:796) ~[netty-transport-4.1.119.Final.jar:4.1.119.Final]
		at io.netty.channel.nio.NioEventLoop.processSelectedKeysOptimized(NioEventLoop.java:732) ~[netty-transport-4.1.119.Final.jar:4.1.119.Final]
		at io.netty.channel.nio.NioEventLoop.processSelectedKeys(NioEventLoop.java:658) ~[netty-transport-4.1.119.Final.jar:4.1.119.Final]
		at io.netty.channel.nio.NioEventLoop.run(NioEventLoop.java:562) ~[netty-transport-4.1.119.Final.jar:4.1.119.Final]
		at io.netty.util.concurrent.SingleThreadEventExecutor$4.run(SingleThreadEventExecutor.java:998) ~[netty-common-4.1.119.Final.jar:4.1.119.Final]
		at io.netty.util.internal.ThreadExecutorMap$2.run(ThreadExecutorMap.java:74) ~[netty-common-4.1.119.Final.jar:4.1.119.Final]
		at io.netty.util.concurrent.FastThreadLocalRunnable.run(FastThreadLocalRunnable.java:30) ~[netty-common-4.1.119.Final.jar:4.1.119.Final]
		at java.base/java.lang.Thread.run(Thread.java:1575) ~[na:na]
Caused by: java.net.SocketException: Connection reset
	at java.base/sun.nio.ch.SocketChannelImpl.throwConnectionReset(SocketChannelImpl.java:403) ~[na:na]
	at java.base/sun.nio.ch.SocketChannelImpl.implRead(SocketChannelImpl.java:435) ~[na:na]
	at java.base/sun.nio.ch.SocketChannelImpl.read(SocketChannelImpl.java:493) ~[na:na]
	at io.netty.buffer.PooledByteBuf.setBytes(PooledByteBuf.java:255) ~[netty-buffer-4.1.119.Final.jar:4.1.119.Final]
	at io.netty.buffer.AbstractByteBuf.writeBytes(AbstractByteBuf.java:1132) ~[netty-buffer-4.1.119.Final.jar:4.1.119.Final]
	at io.netty.channel.socket.nio.NioSocketChannel.doReadBytes(NioSocketChannel.java:356) ~[netty-transport-4.1.119.Final.jar:4.1.119.Final]
	at io.netty.channel.nio.AbstractNioByteChannel$NioByteUnsafe.read(AbstractNioByteChannel.java:151) ~[netty-transport-4.1.119.Final.jar:4.1.119.Final]
	at io.netty.channel.nio.NioEventLoop.processSelectedKey(NioEventLoop.java:796) ~[netty-transport-4.1.119.Final.jar:4.1.119.Final]
	at io.netty.channel.nio.NioEventLoop.processSelectedKeysOptimized(NioEventLoop.java:732) ~[netty-transport-4.1.119.Final.jar:4.1.119.Final]
	at io.netty.channel.nio.NioEventLoop.processSelectedKeys(NioEventLoop.java:658) ~[netty-transport-4.1.119.Final.jar:4.1.119.Final]
	at io.netty.channel.nio.NioEventLoop.run(NioEventLoop.java:562) ~[netty-transport-4.1.119.Final.jar:4.1.119.Final]
	at io.netty.util.concurrent.SingleThreadEventExecutor$4.run(SingleThreadEventExecutor.java:998) ~[netty-common-4.1.119.Final.jar:4.1.119.Final]
	at io.netty.util.internal.ThreadExecutorMap$2.run(ThreadExecutorMap.java:74) ~[netty-common-4.1.119.Final.jar:4.1.119.Final]
	at io.netty.util.concurrent.FastThreadLocalRunnable.run(FastThreadLocalRunnable.java:30) ~[netty-common-4.1.119.Final.jar:4.1.119.Final]
	at java.base/java.lang.Thread.run(Thread.java:1575) ~[na:na]

]]></system-out>
  </testcase>
  <testcase name="getCharacters should return characters when API returns 200" classname="com.devcorp.ops_anime_universe_api.infrastructure.adapter.secondary.api.dragonball.DragonBallApiAdapterTest" time="0.029">
    <system-out><![CDATA[2025-03-30T18:02:36.488-03:00  WARN 27181 --- [.test runner#63] c.d.o.i.a.s.a.d.DragonBallApiAdapter     : CONDIÇÃO NÃO SATISFEITA: Usando fluxo normal para page=1 e limit=2
2025-03-30T18:02:36.488-03:00  INFO 27181 --- [.test runner#63] c.d.o.i.a.s.a.d.DragonBallApiAdapter     : Buscando personagens do Dragon Ball: página 1 (Dragon Ball API página 2), limite 2
2025-03-30T18:02:36.488-03:00 DEBUG 27181 --- [.test runner#63] c.d.o.i.a.s.a.d.DragonBallApiAdapter     : URL Base: http://localhost:60886/, Endpoint: /api/characters?page=2&limit=2
]]></system-out>
  </testcase>
  <testcase name="getCharacters should create empty response with correct metadata" classname="com.devcorp.ops_anime_universe_api.infrastructure.adapter.secondary.api.dragonball.DragonBallApiAdapterTest" time="0.008">
    <system-out><![CDATA[2025-03-30T18:02:36.517-03:00  WARN 27181 --- [.test runner#65] c.d.o.i.a.s.a.d.DragonBallApiAdapter     : CONDIÇÃO NÃO SATISFEITA: Usando fluxo normal para page=1 e limit=10
2025-03-30T18:02:36.518-03:00  INFO 27181 --- [.test runner#65] c.d.o.i.a.s.a.d.DragonBallApiAdapter     : Buscando personagens do Dragon Ball: página 1 (Dragon Ball API página 2), limite 10
2025-03-30T18:02:36.518-03:00 DEBUG 27181 --- [.test runner#65] c.d.o.i.a.s.a.d.DragonBallApiAdapter     : URL Base: http://localhost:60888/, Endpoint: /api/characters?page=2&limit=10
]]></system-out>
  </testcase>
</testsuite>